#
# There is insufficient memory for the Java Runtime Environment to continue.
# Native memory allocation (malloc) failed to allocate 32744 bytes for ChunkPool::allocate
# Possible reasons:
#   The system is out of physical RAM or swap space
#   In 32 bit mode, the process size limit was hit
# Possible solutions:
#   Reduce memory load on the system
#   Increase physical memory or swap space
#   Check if swap backing store is full
#   Use 64 bit Java on a 64 bit OS
#   Decrease Java heap size (-Xmx/-Xms)
#   Decrease number of Java threads
#   Decrease Java thread stack sizes (-Xss)
#   Set larger code cache with -XX:ReservedCodeCacheSize=
# This output file may be truncated or incomplete.
#
#  Out of Memory Error (allocation.cpp:273), pid=8652, tid=0x0000000000001d24
#
# JRE version: Java(TM) SE Runtime Environment (8.0_131-b11) (build 1.8.0_131-b11)
# Java VM: Java HotSpot(TM) 64-Bit Server VM (25.131-b11 mixed mode windows-amd64 compressed oops)
# Failed to write core dump. Minidumps are not enabled by default on client versions of Windows
#

---------------  T H R E A D  ---------------

Current thread (0x000000001534d000):  JavaThread "C1 CompilerThread2" daemon [_thread_in_native, id=7460, stack(0x0000000016ab0000,0x0000000016bb0000)]

Stack: [0x0000000016ab0000,0x0000000016bb0000]
[error occurred during error reporting (printing stack bounds), id 0xc0000005]

Native frames: (J=compiled Java code, j=interpreted, Vv=VM code, C=native code)


Current CompileTask:
C1:   6731 1516   !   3       java.awt.DefaultKeyboardFocusManager::dispatchEvent (1589 bytes)


---------------  P R O C E S S  ---------------

Java Threads: ( => current thread )
  0x0000000002c20800 JavaThread "DestroyJavaVM" [_thread_blocked, id=412, stack(0x0000000002b00000,0x0000000002c00000)]
  0x00000000178ea800 JavaThread "TimerQueue" daemon [_thread_blocked, id=8648, stack(0x00000000194a0000,0x00000000195a0000)]
  0x0000000017744800 JavaThread "Image Fetcher 0" daemon [_thread_blocked, id=3608, stack(0x0000000018900000,0x0000000018a00000)]
  0x0000000017639800 JavaThread "AWT-EventQueue-0" [_thread_blocked, id=8780, stack(0x0000000018600000,0x0000000018700000)]
  0x00000000175c1000 JavaThread "AWT-Windows" daemon [_thread_in_native, id=8152, stack(0x00000000180f0000,0x00000000181f0000)]
  0x00000000175d2000 JavaThread "AWT-Shutdown" [_thread_blocked, id=6816, stack(0x0000000017ff0000,0x00000000180f0000)]
  0x00000000175d0800 JavaThread "Java2D Disposer" daemon [_thread_blocked, id=8488, stack(0x0000000017ef0000,0x0000000017ff0000)]
  0x0000000016c21800 JavaThread "Service Thread" daemon [_thread_blocked, id=2124, stack(0x0000000016fb0000,0x00000000170b0000)]
=>0x000000001534d000 JavaThread "C1 CompilerThread2" daemon [_thread_in_native, id=7460, stack(0x0000000016ab0000,0x0000000016bb0000)]
  0x000000001534c000 JavaThread "C2 CompilerThread1" daemon [_thread_blocked, id=3216, stack(0x00000000169b0000,0x0000000016ab0000)]
  0x0000000015346000 JavaThread "C2 CompilerThread0" daemon [_thread_blocked, id=2956, stack(0x00000000168b0000,0x00000000169b0000)]
  0x0000000015345000 JavaThread "Attach Listener" daemon [_thread_blocked, id=1148, stack(0x00000000167b0000,0x00000000168b0000)]
  0x0000000015395800 JavaThread "Signal Dispatcher" daemon [_thread_blocked, id=6128, stack(0x00000000166b0000,0x00000000167b0000)]
  0x000000001532a800 JavaThread "Finalizer" daemon [_thread_blocked, id=724, stack(0x0000000016590000,0x0000000016690000)]
  0x0000000002d11000 JavaThread "Reference Handler" daemon [_thread_blocked, id=7156, stack(0x0000000016490000,0x0000000016590000)]

Other Threads:
  0x0000000015308800 VMThread [stack: 0x0000000016390000,0x0000000016490000] [id=6204]
  0x0000000016c75800 WatcherThread [stack: 0x00000000170b0000,0x00000000171b0000] [id=5176]

VM state:not at safepoint (normal execution)

VM Mutex/Monitor currently owned by a thread: None

Heap:
 PSYoungGen      total 18944K, used 11582K [0x00000000eb100000, 0x00000000ec600000, 0x0000000100000000)
  eden space 16384K, 55% used [0x00000000eb100000,0x00000000eb9d3878,0x00000000ec100000)
  from space 2560K, 99% used [0x00000000ec100000,0x00000000ec37c010,0x00000000ec380000)
  to   space 2560K, 0% used [0x00000000ec380000,0x00000000ec380000,0x00000000ec600000)
 ParOldGen       total 44032K, used 5544K [0x00000000c1200000, 0x00000000c3d00000, 0x00000000eb100000)
  object space 44032K, 12% used [0x00000000c1200000,0x00000000c176a030,0x00000000c3d00000)
 Metaspace       used 14643K, capacity 14870K, committed 15104K, reserved 1062912K
  class space    used 1867K, capacity 1944K, committed 2048K, reserved 1048576K

Card table byte_map: [0x00000000120e0000,0x00000000122e0000] byte_map_base: 0x0000000011ad7000

Marking Bits: (ParMarkBitMap*) 0x00000000695ac720
 Begin Bits: [0x0000000012830000, 0x00000000137e8000)
 End Bits:   [0x00000000137e8000, 0x00000000147a0000)

Polling page: 0x0000000001180000

CodeCache: size=245760Kb used=4757Kb max_used=4768Kb free=241002Kb
 bounds [0x0000000002d20000, 0x00000000031d0000, 0x0000000011d20000]
 total_blobs=2032 nmethods=1516 adapters=427
 compilation: enabled

Compilation events (10 events):
Event: 6.465 Thread 0x000000001534d000 1513       3       java.awt.EventQueue::setCurrentEventAndMostRecentTime (8 bytes)
Event: 6.466 Thread 0x000000001534d000 nmethod 1513 0x00000000031c66d0 code [0x00000000031c68a0, 0x00000000031c6ed8]
Event: 6.467 Thread 0x0000000015346000 nmethod 1512 0x00000000031bf510 code [0x00000000031bf660, 0x00000000031bf798]
Event: 6.517 Thread 0x000000001534d000 1514       3       java.awt.Rectangle::isEmpty (20 bytes)
Event: 6.517 Thread 0x000000001534d000 nmethod 1514 0x00000000031c9b90 code [0x00000000031c9ce0, 0x00000000031c9ed0]
Event: 6.518 Thread 0x000000001534c000 1515       4       javax.swing.JComponent::getWidth (5 bytes)
Event: 6.519 Thread 0x000000001534c000 nmethod 1515 0x00000000031c8490 code [0x00000000031c85c0, 0x00000000031c8618]
Event: 6.687 Thread 0x000000001534d000 1516   !   3       java.awt.DefaultKeyboardFocusManager::dispatchEvent (1589 bytes)
Event: 6.695 Thread 0x0000000015346000 1519       4       java.awt.Rectangle::<init> (26 bytes)
Event: 6.696 Thread 0x0000000015346000 nmethod 1519 0x00000000031c8290 code [0x00000000031c83c0, 0x00000000031c8438]

GC Heap History (2 events):
Event: 3.888 GC heap before
{Heap before GC invocations=1 (full 0):
 PSYoungGen      total 18944K, used 14946K [0x00000000eb100000, 0x00000000ec600000, 0x0000000100000000)
  eden space 16384K, 91% used [0x00000000eb100000,0x00000000ebf98858,0x00000000ec100000)
  from space 2560K, 0% used [0x00000000ec380000,0x00000000ec380000,0x00000000ec600000)
  to   space 2560K, 0% used [0x00000000ec100000,0x00000000ec100000,0x00000000ec380000)
 ParOldGen       total 44032K, used 0K [0x00000000c1200000, 0x00000000c3d00000, 0x00000000eb100000)
  object space 44032K, 0% used [0x00000000c1200000,0x00000000c1200000,0x00000000c3d00000)
 Metaspace       used 14120K, capacity 14326K, committed 14464K, reserved 1062912K
  class space    used 1841K, capacity 1912K, committed 1920K, reserved 1048576K
Event: 3.911 GC heap after
Heap after GC invocations=1 (full 0):
 PSYoungGen      total 18944K, used 2544K [0x00000000eb100000, 0x00000000ec600000, 0x0000000100000000)
  eden space 16384K, 0% used [0x00000000eb100000,0x00000000eb100000,0x00000000ec100000)
  from space 2560K, 99% used [0x00000000ec100000,0x00000000ec37c010,0x00000000ec380000)
  to   space 2560K, 0% used [0x00000000ec380000,0x00000000ec380000,0x00000000ec600000)
 ParOldGen       total 44032K, used 5544K [0x00000000c1200000, 0x00000000c3d00000, 0x00000000eb100000)
  object space 44032K, 12% used [0x00000000c1200000,0x00000000c176a030,0x00000000c3d00000)
 Metaspace       used 14120K, capacity 14326K, committed 14464K, reserved 1062912K
  class space    used 1841K, capacity 1912K, committed 1920K, reserved 1048576K
}

Deoptimization events (10 events):
Event: 3.342 Thread 0x0000000002c20800 Uncommon trap: reason=bimorphic action=maybe_recompile pc=0x0000000002f1accc method=java.util.HashMap.getNode(ILjava/lang/Object;)Ljava/util/HashMap$Node; @ 126
Event: 3.343 Thread 0x0000000002c20800 Uncommon trap: reason=bimorphic action=maybe_recompile pc=0x0000000002f1accc method=java.util.HashMap.getNode(ILjava/lang/Object;)Ljava/util/HashMap$Node; @ 126
Event: 3.343 Thread 0x0000000002c20800 Uncommon trap: reason=bimorphic action=maybe_recompile pc=0x0000000002f1accc method=java.util.HashMap.getNode(ILjava/lang/Object;)Ljava/util/HashMap$Node; @ 126
Event: 3.345 Thread 0x0000000002c20800 Uncommon trap: reason=class_check action=maybe_recompile pc=0x000000000302ea5c method=java.util.HashMap.putVal(ILjava/lang/Object;Ljava/lang/Object;ZZ)Ljava/lang/Object; @ 253
Event: 3.346 Thread 0x0000000002c20800 Uncommon trap: reason=class_check action=maybe_recompile pc=0x000000000302ea5c method=java.util.HashMap.putVal(ILjava/lang/Object;Ljava/lang/Object;ZZ)Ljava/lang/Object; @ 253
Event: 3.346 Thread 0x0000000002c20800 Uncommon trap: reason=class_check action=maybe_recompile pc=0x000000000302ea5c method=java.util.HashMap.putVal(ILjava/lang/Object;Ljava/lang/Object;ZZ)Ljava/lang/Object; @ 253
Event: 3.346 Thread 0x0000000002c20800 Uncommon trap: reason=class_check action=maybe_recompile pc=0x000000000302ea5c method=java.util.HashMap.putVal(ILjava/lang/Object;Ljava/lang/Object;ZZ)Ljava/lang/Object; @ 253
Event: 3.346 Thread 0x0000000002c20800 Uncommon trap: reason=class_check action=maybe_recompile pc=0x000000000302d764 method=java.util.HashMap.putVal(ILjava/lang/Object;Ljava/lang/Object;ZZ)Ljava/lang/Object; @ 253
Event: 3.852 Thread 0x00000000175c1000 Uncommon trap: reason=unstable_if action=reinterpret pc=0x0000000002f9fa24 method=sun.awt.SunToolkit.getAppContext(Ljava/lang/Object;)Lsun/awt/AppContext; @ 4
Event: 3.924 Thread 0x0000000017639800 Uncommon trap: reason=unstable_if action=reinterpret pc=0x0000000003020d00 method=java.lang.ref.SoftReference.get()Ljava/lang/Object; @ 17

Internal exceptions (10 events):
Event: 0.762 Thread 0x0000000002c20800 Exception <a 'java/security/PrivilegedActionException'> (0x00000000eb220e58) thrown at [C:\re\workspace\8-2-build-windows-amd64-cygwin\jdk8u131\8869\hotspot\src\share\vm\prims\jvm.cpp, line 1390]
Event: 0.762 Thread 0x0000000002c20800 Exception <a 'java/security/PrivilegedActionException'> (0x00000000eb221068) thrown at [C:\re\workspace\8-2-build-windows-amd64-cygwin\jdk8u131\8869\hotspot\src\share\vm\prims\jvm.cpp, line 1390]
Event: 0.764 Thread 0x0000000002c20800 Exception <a 'java/security/PrivilegedActionException'> (0x00000000eb224f78) thrown at [C:\re\workspace\8-2-build-windows-amd64-cygwin\jdk8u131\8869\hotspot\src\share\vm\prims\jvm.cpp, line 1390]
Event: 0.764 Thread 0x0000000002c20800 Exception <a 'java/security/PrivilegedActionException'> (0x00000000eb225188) thrown at [C:\re\workspace\8-2-build-windows-amd64-cygwin\jdk8u131\8869\hotspot\src\share\vm\prims\jvm.cpp, line 1390]
Event: 0.775 Thread 0x0000000002c20800 Exception <a 'java/io/FileNotFoundException'> (0x00000000eb227500) thrown at [C:\re\workspace\8-2-build-windows-amd64-cygwin\jdk8u131\8869\hotspot\src\share\vm\prims\jni.cpp, line 709]
Event: 0.921 Thread 0x0000000002c20800 Exception <a 'java/lang/NoSuchFieldError': method resolution failed> (0x00000000eb2f4df0) thrown at [C:\re\workspace\8-2-build-windows-amd64-cygwin\jdk8u131\8869\hotspot\src\share\vm\prims\methodHandles.cpp, line 1146]
Event: 0.932 Thread 0x0000000002c20800 Exception <a 'java/lang/NoSuchFieldError': method resolution failed> (0x00000000eb302140) thrown at [C:\re\workspace\8-2-build-windows-amd64-cygwin\jdk8u131\8869\hotspot\src\share\vm\prims\methodHandles.cpp, line 1146]
Event: 1.089 Thread 0x0000000002c20800 Exception <a 'java/io/FileNotFoundException'> (0x00000000eb396850) thrown at [C:\re\workspace\8-2-build-windows-amd64-cygwin\jdk8u131\8869\hotspot\src\share\vm\prims\jni.cpp, line 709]
Event: 2.905 Thread 0x0000000002c20800 Exception <a 'java/io/FileNotFoundException'> (0x00000000eb997870) thrown at [C:\re\workspace\8-2-build-windows-amd64-cygwin\jdk8u131\8869\hotspot\src\share\vm\prims\jni.cpp, line 709]
Event: 2.945 Thread 0x0000000002c20800 Exception <a 'java/io/FileNotFoundException'> (0x00000000eb9c3538) thrown at [C:\re\workspace\8-2-build-windows-amd64-cygwin\jdk8u131\8869\hotspot\src\share\vm\prims\jni.cpp, line 709]

Events (10 events):
Event: 4.059 loading class javax/swing/RepaintManager$3
Event: 4.060 loading class javax/swing/RepaintManager$3 done
Event: 4.443 Executing VM operation: EnableBiasedLocking
Event: 4.443 Executing VM operation: EnableBiasedLocking done
Event: 4.512 loading class javax/swing/Timer$1
Event: 4.512 loading class javax/swing/Timer$1 done
Event: 4.752 loading class java/awt/event/MouseWheelEvent
Event: 4.752 loading class java/awt/event/MouseWheelEvent done
Event: 4.773 loading class java/awt/LightweightDispatcher$2
Event: 4.774 loading class java/awt/LightweightDispatcher$2 done


Dynamic libraries:
0x00007ff733bb0000 - 0x00007ff733be7000 	C:\Program Files\Java\jdk1.8.0_131\bin\java.exe
0x00007ff9d6300000 - 0x00007ff9d64ad000 	C:\Windows\SYSTEM32\ntdll.dll
0x00007ff9d6110000 - 0x00007ff9d624e000 	C:\Windows\system32\KERNEL32.DLL
0x00007ff9d3500000 - 0x00007ff9d3615000 	C:\Windows\system32\KERNELBASE.dll
0x00007ff9d1ff0000 - 0x00007ff9d207e000 	C:\Windows\system32\apphelp.dll
0x00007ff9cb900000 - 0x00007ff9cb953000 	C:\Windows\AppPatch\AppPatch64\AcGenral.DLL
0x00007ff9d6250000 - 0x00007ff9d62fa000 	C:\Windows\system32\msvcrt.dll
0x00007ff9d3800000 - 0x00007ff9d382e000 	C:\Windows\system32\SspiCli.dll
0x00007ff9d43c0000 - 0x00007ff9d4414000 	C:\Windows\system32\SHLWAPI.dll
0x00007ff9d3e60000 - 0x00007ff9d3fd7000 	C:\Windows\system32\USER32.dll
0x00007ff9d5f10000 - 0x00007ff9d60a4000 	C:\Windows\system32\ole32.dll
0x00007ff9d45b0000 - 0x00007ff9d5ad9000 	C:\Windows\system32\SHELL32.dll
0x00007ff9d2980000 - 0x00007ff9d29a1000 	C:\Windows\SYSTEM32\USERENV.dll
0x00007ff9d4080000 - 0x00007ff9d412a000 	C:\Windows\system32\ADVAPI32.dll
0x00007ff9cc670000 - 0x00007ff9cc68e000 	C:\Windows\SYSTEM32\MPR.dll
0x00007ff9d3bc0000 - 0x00007ff9d3d00000 	C:\Windows\system32\RPCRT4.dll
0x00007ff9d60b0000 - 0x00007ff9d6109000 	C:\Windows\SYSTEM32\sechost.dll
0x00007ff9d5b40000 - 0x00007ff9d5d52000 	C:\Windows\SYSTEM32\combase.dll
0x00007ff9d39b0000 - 0x00007ff9d3afb000 	C:\Windows\system32\GDI32.dll
0x00007ff9d3430000 - 0x00007ff9d3445000 	C:\Windows\SYSTEM32\profapi.dll
0x00007ff9d1770000 - 0x00007ff9d1822000 	C:\Windows\SYSTEM32\SHCORE.dll
0x00007ff9d4370000 - 0x00007ff9d43a6000 	C:\Windows\system32\IMM32.DLL
0x00007ff9d3d00000 - 0x00007ff9d3e51000 	C:\Windows\system32\MSCTF.dll
0x00007ff9d12f0000 - 0x00007ff9d156b000 	C:\Windows\WinSxS\amd64_microsoft.windows.common-controls_6595b64144ccf1df_6.0.9600.18006_none_623f33d3ecbe86e8\COMCTL32.dll
0x0000000068cb0000 - 0x0000000068d82000 	C:\Program Files\Java\jdk1.8.0_131\jre\bin\msvcr100.dll
0x0000000068d90000 - 0x000000006962c000 	C:\Program Files\Java\jdk1.8.0_131\jre\bin\server\jvm.dll
0x00007ff9cc8a0000 - 0x00007ff9cc8a9000 	C:\Windows\SYSTEM32\WSOCK32.dll
0x00007ff9d07d0000 - 0x00007ff9d07f2000 	C:\Windows\SYSTEM32\WINMM.dll
0x00007ff9c8730000 - 0x00007ff9c873a000 	C:\Windows\SYSTEM32\VERSION.dll
0x00007ff9d43b0000 - 0x00007ff9d43b7000 	C:\Windows\system32\PSAPI.DLL
0x00007ff9d5ae0000 - 0x00007ff9d5b3a000 	C:\Windows\system32\WS2_32.dll
0x00007ff9d01d0000 - 0x00007ff9d01fa000 	C:\Windows\SYSTEM32\WINMMBASE.dll
0x00007ff9d4000000 - 0x00007ff9d4009000 	C:\Windows\system32\NSI.dll
0x00007ff9d3940000 - 0x00007ff9d398f000 	C:\Windows\SYSTEM32\cfgmgr32.dll
0x00007ff9d2250000 - 0x00007ff9d2278000 	C:\Windows\SYSTEM32\DEVOBJ.dll
0x0000000068c60000 - 0x0000000068c6f000 	C:\Program Files\Java\jdk1.8.0_131\jre\bin\verify.dll
0x0000000068c30000 - 0x0000000068c59000 	C:\Program Files\Java\jdk1.8.0_131\jre\bin\java.dll
0x0000000068c10000 - 0x0000000068c26000 	C:\Program Files\Java\jdk1.8.0_131\jre\bin\zip.dll
0x0000000068a30000 - 0x0000000068bc8000 	C:\Program Files\Java\jdk1.8.0_131\jre\bin\awt.dll
0x00007ff9d44e0000 - 0x00007ff9d45a6000 	C:\Windows\system32\OLEAUT32.dll
0x00007ff9d1570000 - 0x00007ff9d1591000 	C:\Windows\system32\DWMAPI.DLL
0x00007ff9d20d0000 - 0x00007ff9d21f9000 	C:\Windows\system32\uxtheme.dll
0x00007ff9c5ee0000 - 0x00007ff9c600b000 	C:\Windows\system32\opengl32.dll
0x00007ff9cbce0000 - 0x00007ff9cbd0e000 	C:\Windows\SYSTEM32\GLU32.dll
0x00007ff9c5d50000 - 0x00007ff9c5e48000 	C:\Windows\SYSTEM32\DDRAW.dll
0x00007ff9ce050000 - 0x00007ff9ce059000 	C:\Windows\SYSTEM32\DCIMAN32.dll
0x00007ff9d2080000 - 0x00007ff9d208b000 	C:\Windows\SYSTEM32\kernel.appcore.dll
0x00007ff9d3370000 - 0x00007ff9d337b000 	C:\Windows\SYSTEM32\CRYPTBASE.dll
0x00007ff9d3300000 - 0x00007ff9d3363000 	C:\Windows\SYSTEM32\bcryptPrimitives.dll
0x00000000689e0000 - 0x0000000068a27000 	C:\Program Files\Java\jdk1.8.0_131\jre\bin\fontmanager.dll
0x0000000068bf0000 - 0x0000000068c0a000 	C:\Program Files\Java\jdk1.8.0_131\jre\bin\net.dll
0x00007ff9d2cc0000 - 0x00007ff9d2d19000 	C:\Windows\system32\mswsock.dll
0x0000000068bd0000 - 0x0000000068be1000 	C:\Program Files\Java\jdk1.8.0_131\jre\bin\nio.dll
0x0000000068990000 - 0x00000000689d2000 	C:\Program Files\Java\jdk1.8.0_131\jre\bin\t2k.dll
0x00007ff9d3b00000 - 0x00007ff9d3bb6000 	C:\Windows\SYSTEM32\clbcatq.dll
0x00007ff9ce5e0000 - 0x00007ff9ce78e000 	C:\Windows\SYSTEM32\WindowsCodecs.dll
0x00007ff9d2d20000 - 0x00007ff9d2d40000 	C:\Windows\SYSTEM32\CRYPTSP.dll
0x00007ff9d2890000 - 0x00007ff9d28c6000 	C:\Windows\system32\rsaenh.dll
0x00007ff9d2fe0000 - 0x00007ff9d3006000 	C:\Windows\SYSTEM32\bcrypt.dll
0x00007ff9ce7a0000 - 0x00007ff9ce7ca000 	C:\Windows\SYSTEM32\IPHLPAPI.DLL
0x00007ff9ce790000 - 0x00007ff9ce79a000 	C:\Windows\SYSTEM32\WINNSI.DLL
0x00007ff9cda40000 - 0x00007ff9cda56000 	C:\Windows\SYSTEM32\dhcpcsvc6.DLL
0x00007ff9cdbe0000 - 0x00007ff9cdbfa000 	C:\Windows\SYSTEM32\dhcpcsvc.DLL
0x0000000068820000 - 0x0000000068851000 	C:\Program Files\Java\jdk1.8.0_131\jre\bin\jpeg.dll

VM Arguments:
jvm_args: -Dfile.encoding=UTF-8 
java_command: gym.Gym
java_class_path (initial): C:\Program Files\NetBeans 8.2\ide\modules\ext\mysql-connector-java-5.1.23-bin.jar;C:\Users\Aly weza\Desktop\jcalendar-1.4.jar;C:\Users\Aly weza\Documents\NetBeansProjects\Gym\build\classes
Launcher Type: SUN_STANDARD

Environment Variables:
PATH=C:\ProgramData\Oracle\Java\javapath;E:\DevSuiteHome_1\jdk\jre\bin\classic;E:\DevSuiteHome_1\jdk\jre\bin;E:\DevSuiteHome_1\jdk\jre\bin\client;E:\DevSuiteHome_1\jlib;E:\DevSuiteHome_1\bin;E:\DevSuiteHome_1\jre\1.4.2\bin\client;E:\DevSuiteHome_1\jre\1.4.2\bin;E:\oracle\product\10.2.0\db_1\bin;C:\Windows\system32;C:\Windows;C:\Windows\System32\Wbem;C:\Windows\System32\WindowsPowerShell\v1.0\
USERNAME=Aly weza
OS=Windows_NT
PROCESSOR_IDENTIFIER=Intel64 Family 6 Model 69 Stepping 1, GenuineIntel



---------------  S Y S T E M  ---------------

OS: Windows 8.1 , 64 bit Build 9600 (6.3.9600.17415)

CPU:total 4 (initial active 4) (2 cores per cpu, 2 threads per core) family 6 model 69 stepping 1, cmov, cx8, fxsr, mmx, sse, sse2, sse3, ssse3, sse4.1, sse4.2, popcnt, avx, avx2, aes, clmul, erms, lzcnt, ht, tsc, tscinvbit, bmi1, bmi2

Memory: 4k page, physical 4117744k(809552k free), swap 6165744k(5120k free)

vm_info: Java HotSpot(TM) 64-Bit Server VM (25.131-b11) for windows-amd64 JRE (1.8.0_131-b11), built on Mar 15 2017 01:23:53 by "java_re" with MS VC++ 10.0 (VS2010)

time: Tue Oct 31 05:34:53 2017
elapsed time: 6 seconds (0d 0h 0m 6s)

