#
# There is insufficient memory for the Java Runtime Environment to continue.
# Native memory allocation (malloc) failed to allocate 1370112 bytes for Chunk::new
# Possible reasons:
#   The system is out of physical RAM or swap space
#   In 32 bit mode, the process size limit was hit
# Possible solutions:
#   Reduce memory load on the system
#   Increase physical memory or swap space
#   Check if swap backing store is full
#   Use 64 bit Java on a 64 bit OS
#   Decrease Java heap size (-Xmx/-Xms)
#   Decrease number of Java threads
#   Decrease Java thread stack sizes (-Xss)
#   Set larger code cache with -XX:ReservedCodeCacheSize=
# This output file may be truncated or incomplete.
#
#  Out of Memory Error (allocation.cpp:390), pid=5784, tid=0x0000000000001730
#
# JRE version: Java(TM) SE Runtime Environment (8.0_131-b11) (build 1.8.0_131-b11)
# Java VM: Java HotSpot(TM) 64-Bit Server VM (25.131-b11 mixed mode windows-amd64 compressed oops)
# Failed to write core dump. Minidumps are not enabled by default on client versions of Windows
#

---------------  T H R E A D  ---------------

Current thread (0x0000000014fb8800):  JavaThread "C2 CompilerThread1" daemon [_thread_in_native, id=5936, stack(0x0000000016620000,0x0000000016720000)]

Stack: [0x0000000016620000,0x0000000016720000]
[error occurred during error reporting (printing stack bounds), id 0xc0000005]

Native frames: (J=compiled Java code, j=interpreted, Vv=VM code, C=native code)


Current CompileTask:
C2:  11452 2034       4       javax.swing.plaf.nimbus.NimbusStyle::validate (1178 bytes)


---------------  P R O C E S S  ---------------

Java Threads: ( => current thread )
  0x0000000017776000 JavaThread "Abandoned connection cleanup thread" daemon [_thread_blocked, id=5740, stack(0x0000000019470000,0x0000000019570000)]
  0x000000001740a000 JavaThread "TimerQueue" daemon [_thread_in_Java, id=3048, stack(0x0000000018760000,0x0000000018860000)]
  0x0000000002890800 JavaThread "DestroyJavaVM" [_thread_blocked, id=5196, stack(0x0000000002790000,0x0000000002890000)]
  0x0000000017255000 JavaThread "AWT-EventQueue-0" [_thread_in_vm, id=2484, stack(0x0000000018260000,0x0000000018360000)]
  0x0000000017232000 JavaThread "AWT-Windows" daemon [_thread_in_native, id=2776, stack(0x0000000017c20000,0x0000000017d20000)]
  0x000000001722f000 JavaThread "AWT-Shutdown" [_thread_blocked, id=2964, stack(0x0000000017b20000,0x0000000017c20000)]
  0x000000001722e800 JavaThread "Java2D Disposer" daemon [_thread_blocked, id=1576, stack(0x0000000017a20000,0x0000000017b20000)]
  0x000000001500d800 JavaThread "Service Thread" daemon [_thread_blocked, id=5168, stack(0x0000000016c20000,0x0000000016d20000)]
  0x0000000014fbc000 JavaThread "C1 CompilerThread2" daemon [_thread_blocked, id=5432, stack(0x0000000016720000,0x0000000016820000)]
=>0x0000000014fb8800 JavaThread "C2 CompilerThread1" daemon [_thread_in_native, id=5936, stack(0x0000000016620000,0x0000000016720000)]
  0x0000000014fb6000 JavaThread "C2 CompilerThread0" daemon [_thread_in_native, id=804, stack(0x0000000016520000,0x0000000016620000)]
  0x0000000014fb5000 JavaThread "Attach Listener" daemon [_thread_blocked, id=2920, stack(0x0000000016420000,0x0000000016520000)]
  0x0000000015004800 JavaThread "Signal Dispatcher" daemon [_thread_blocked, id=4336, stack(0x0000000016320000,0x0000000016420000)]
  0x0000000014f9a800 JavaThread "Finalizer" daemon [_thread_blocked, id=248, stack(0x0000000016220000,0x0000000016320000)]
  0x0000000002980000 JavaThread "Reference Handler" daemon [_thread_blocked, id=5696, stack(0x0000000016120000,0x0000000016220000)]

Other Threads:
  0x0000000014f77000 VMThread [stack: 0x0000000016020000,0x0000000016120000] [id=5292]
  0x00000000168d8000 WatcherThread [stack: 0x0000000016d20000,0x0000000016e20000] [id=3156]

VM state:not at safepoint (normal execution)

VM Mutex/Monitor currently owned by a thread: None

Heap:
 PSYoungGen      total 111104K, used 2511K [0x00000000eb100000, 0x00000000f3400000, 0x0000000100000000)
  eden space 110592K, 1% used [0x00000000eb100000,0x00000000eb323f18,0x00000000f1d00000)
  from space 512K, 62% used [0x00000000f2180000,0x00000000f21d0000,0x00000000f2200000)
  to   space 11776K, 0% used [0x00000000f2880000,0x00000000f2880000,0x00000000f3400000)
 ParOldGen       total 44032K, used 18805K [0x00000000c1200000, 0x00000000c3d00000, 0x00000000eb100000)
  object space 44032K, 42% used [0x00000000c1200000,0x00000000c245d738,0x00000000c3d00000)
 Metaspace       used 18796K, capacity 18962K, committed 19072K, reserved 1067008K
  class space    used 2359K, capacity 2412K, committed 2432K, reserved 1048576K

Card table byte_map: [0x0000000011d50000,0x0000000011f50000] byte_map_base: 0x0000000011747000

Marking Bits: (ParMarkBitMap*) 0x000000006131c720
 Begin Bits: [0x00000000124a0000, 0x0000000013458000)
 End Bits:   [0x0000000013458000, 0x0000000014410000)

Polling page: 0x0000000000e20000

CodeCache: size=245760Kb used=7524Kb max_used=7524Kb free=238235Kb
 bounds [0x0000000002990000, 0x00000000030f0000, 0x0000000011990000]
 total_blobs=2777 nmethods=2186 adapters=502
 compilation: enabled

Compilation events (10 events):
Event: 11.080 Thread 0x0000000014fbc000 2200       2       java.awt.geom.AffineTransform::getShearY (5 bytes)
Event: 11.080 Thread 0x0000000014fbc000 nmethod 2200 0x00000000030e46d0 code [0x00000000030e4820, 0x00000000030e4970]
Event: 11.080 Thread 0x0000000014fbc000 2201       2       java.awt.geom.AffineTransform::getShearX (5 bytes)
Event: 11.081 Thread 0x0000000014fbc000 nmethod 2201 0x00000000030e43d0 code [0x00000000030e4520, 0x00000000030e4670]
Event: 11.161 Thread 0x0000000014fbc000 2203       2       java.awt.Component::eventTypeEnabled (487 bytes)
Event: 11.162 Thread 0x0000000014fbc000 nmethod 2203 0x00000000030e3bd0 code [0x00000000030e3d40, 0x00000000030e4350]
Event: 11.183 Thread 0x0000000014fbc000 2204       2       java.awt.event.InvocationEvent::<init> (52 bytes)
Event: 11.183 Thread 0x0000000014fbc000 nmethod 2204 0x00000000030e3790 code [0x00000000030e3900, 0x00000000030e3b28]
Event: 11.215 Thread 0x0000000014fbc000 2206       2       java.awt.event.InputEvent::getWhen (5 bytes)
Event: 11.215 Thread 0x0000000014fbc000 nmethod 2206 0x00000000030e3490 code [0x00000000030e35e0, 0x00000000030e3730]

GC Heap History (10 events):
Event: 6.226 GC heap before
{Heap before GC invocations=8 (full 0):
 PSYoungGen      total 79872K, used 65664K [0x00000000eb100000, 0x00000000f4d00000, 0x0000000100000000)
  eden space 65536K, 100% used [0x00000000eb100000,0x00000000ef100000,0x00000000ef100000)
  from space 14336K, 0% used [0x00000000ef100000,0x00000000ef120000,0x00000000eff00000)
  to   space 14336K, 0% used [0x00000000f3f00000,0x00000000f3f00000,0x00000000f4d00000)
 ParOldGen       total 44032K, used 18552K [0x00000000c1200000, 0x00000000c3d00000, 0x00000000eb100000)
  object space 44032K, 42% used [0x00000000c1200000,0x00000000c241e348,0x00000000c3d00000)
 Metaspace       used 18196K, capacity 18354K, committed 18560K, reserved 1064960K
  class space    used 2325K, capacity 2380K, committed 2432K, reserved 1048576K
Event: 6.228 GC heap after
Heap after GC invocations=8 (full 0):
 PSYoungGen      total 144384K, used 128K [0x00000000eb100000, 0x00000000f4c00000, 0x0000000100000000)
  eden space 131072K, 0% used [0x00000000eb100000,0x00000000eb100000,0x00000000f3100000)
  from space 13312K, 0% used [0x00000000f3f00000,0x00000000f3f20000,0x00000000f4c00000)
  to   space 13824K, 0% used [0x00000000f3100000,0x00000000f3100000,0x00000000f3e80000)
 ParOldGen       total 44032K, used 18568K [0x00000000c1200000, 0x00000000c3d00000, 0x00000000eb100000)
  object space 44032K, 42% used [0x00000000c1200000,0x00000000c2422348,0x00000000c3d00000)
 Metaspace       used 18196K, capacity 18354K, committed 18560K, reserved 1064960K
  class space    used 2325K, capacity 2380K, committed 2432K, reserved 1048576K
}
Event: 7.161 GC heap before
{Heap before GC invocations=9 (full 0):
 PSYoungGen      total 144384K, used 131200K [0x00000000eb100000, 0x00000000f4c00000, 0x0000000100000000)
  eden space 131072K, 100% used [0x00000000eb100000,0x00000000f3100000,0x00000000f3100000)
  from space 13312K, 0% used [0x00000000f3f00000,0x00000000f3f20000,0x00000000f4c00000)
  to   space 13824K, 0% used [0x00000000f3100000,0x00000000f3100000,0x00000000f3e80000)
 ParOldGen       total 44032K, used 18568K [0x00000000c1200000, 0x00000000c3d00000, 0x00000000eb100000)
  object space 44032K, 42% used [0x00000000c1200000,0x00000000c2422348,0x00000000c3d00000)
 Metaspace       used 18368K, capacity 18514K, committed 18816K, reserved 1064960K
  class space    used 2348K, capacity 2412K, committed 2432K, reserved 1048576K
Event: 7.162 GC heap after
Heap after GC invocations=9 (full 0):
 PSYoungGen      total 144896K, used 128K [0x00000000eb100000, 0x00000000f4c00000, 0x0000000100000000)
  eden space 131072K, 0% used [0x00000000eb100000,0x00000000eb100000,0x00000000f3100000)
  from space 13824K, 0% used [0x00000000f3100000,0x00000000f3120000,0x00000000f3e80000)
  to   space 13312K, 0% used [0x00000000f3f00000,0x00000000f3f00000,0x00000000f4c00000)
 ParOldGen       total 44032K, used 18592K [0x00000000c1200000, 0x00000000c3d00000, 0x00000000eb100000)
  object space 44032K, 42% used [0x00000000c1200000,0x00000000c2428348,0x00000000c3d00000)
 Metaspace       used 18368K, capacity 18514K, committed 18816K, reserved 1064960K
  class space    used 2348K, capacity 2412K, committed 2432K, reserved 1048576K
}
Event: 8.174 GC heap before
{Heap before GC invocations=10 (full 0):
 PSYoungGen      total 144896K, used 131200K [0x00000000eb100000, 0x00000000f4c00000, 0x0000000100000000)
  eden space 131072K, 100% used [0x00000000eb100000,0x00000000f3100000,0x00000000f3100000)
  from space 13824K, 0% used [0x00000000f3100000,0x00000000f3120000,0x00000000f3e80000)
  to   space 13312K, 0% used [0x00000000f3f00000,0x00000000f3f00000,0x00000000f4c00000)
 ParOldGen       total 44032K, used 18592K [0x00000000c1200000, 0x00000000c3d00000, 0x00000000eb100000)
  object space 44032K, 42% used [0x00000000c1200000,0x00000000c2428348,0x00000000c3d00000)
 Metaspace       used 18416K, capacity 18578K, committed 18816K, reserved 1064960K
  class space    used 2349K, capacity 2412K, committed 2432K, reserved 1048576K
Event: 8.176 GC heap after
Heap after GC invocations=10 (full 0):
 PSYoungGen      total 132096K, used 224K [0x00000000eb100000, 0x00000000f4580000, 0x0000000100000000)
  eden space 125440K, 0% used [0x00000000eb100000,0x00000000eb100000,0x00000000f2b80000)
  from space 6656K, 3% used [0x00000000f3f00000,0x00000000f3f38000,0x00000000f4580000)
  to   space 13312K, 0% used [0x00000000f2b80000,0x00000000f2b80000,0x00000000f3880000)
 ParOldGen       total 44032K, used 18600K [0x00000000c1200000, 0x00000000c3d00000, 0x00000000eb100000)
  object space 44032K, 42% used [0x00000000c1200000,0x00000000c242a348,0x00000000c3d00000)
 Metaspace       used 18416K, capacity 18578K, committed 18816K, reserved 1064960K
  class space    used 2349K, capacity 2412K, committed 2432K, reserved 1048576K
}
Event: 9.102 GC heap before
{Heap before GC invocations=11 (full 0):
 PSYoungGen      total 132096K, used 125664K [0x00000000eb100000, 0x00000000f4580000, 0x0000000100000000)
  eden space 125440K, 100% used [0x00000000eb100000,0x00000000f2b80000,0x00000000f2b80000)
  from space 6656K, 3% used [0x00000000f3f00000,0x00000000f3f38000,0x00000000f4580000)
  to   space 13312K, 0% used [0x00000000f2b80000,0x00000000f2b80000,0x00000000f3880000)
 ParOldGen       total 44032K, used 18600K [0x00000000c1200000, 0x00000000c3d00000, 0x00000000eb100000)
  object space 44032K, 42% used [0x00000000c1200000,0x00000000c242a348,0x00000000c3d00000)
 Metaspace       used 18496K, capacity 18642K, committed 18816K, reserved 1064960K
  class space    used 2349K, capacity 2412K, committed 2432K, reserved 1048576K
Event: 9.103 GC heap after
Heap after GC invocations=11 (full 0):
 PSYoungGen      total 120832K, used 96K [0x00000000eb100000, 0x00000000f3f80000, 0x0000000100000000)
  eden space 120320K, 0% used [0x00000000eb100000,0x00000000eb100000,0x00000000f2680000)
  from space 512K, 18% used [0x00000000f2b80000,0x00000000f2b98000,0x00000000f2c00000)
  to   space 12800K, 0% used [0x00000000f3300000,0x00000000f3300000,0x00000000f3f80000)
 ParOldGen       total 44032K, used 18721K [0x00000000c1200000, 0x00000000c3d00000, 0x00000000eb100000)
  object space 44032K, 42% used [0x00000000c1200000,0x00000000c24485e8,0x00000000c3d00000)
 Metaspace       used 18496K, capacity 18642K, committed 18816K, reserved 1064960K
  class space    used 2349K, capacity 2412K, committed 2432K, reserved 1048576K
}
Event: 10.018 GC heap before
{Heap before GC invocations=12 (full 0):
 PSYoungGen      total 120832K, used 120416K [0x00000000eb100000, 0x00000000f3f80000, 0x0000000100000000)
  eden space 120320K, 100% used [0x00000000eb100000,0x00000000f2680000,0x00000000f2680000)
  from space 512K, 18% used [0x00000000f2b80000,0x00000000f2b98000,0x00000000f2c00000)
  to   space 12800K, 0% used [0x00000000f3300000,0x00000000f3300000,0x00000000f3f80000)
 ParOldGen       total 44032K, used 18721K [0x00000000c1200000, 0x00000000c3d00000, 0x00000000eb100000)
  object space 44032K, 42% used [0x00000000c1200000,0x00000000c24485e8,0x00000000c3d00000)
 Metaspace       used 18525K, capacity 18706K, committed 18816K, reserved 1064960K
  class space    used 2350K, capacity 2412K, committed 2432K, reserved 1048576K
Event: 10.020 GC heap after
Heap after GC invocations=12 (full 0):
 PSYoungGen      total 121856K, used 128K [0x00000000eb100000, 0x00000000f3980000, 0x0000000100000000)
  eden space 115200K, 0% used [0x00000000eb100000,0x00000000eb100000,0x00000000f2180000)
  from space 6656K, 1% used [0x00000000f3300000,0x00000000f3320000,0x00000000f3980000)
  to   space 12288K, 0% used [0x00000000f2180000,0x00000000f2180000,0x00000000f2d80000)
 ParOldGen       total 44032K, used 18745K [0x00000000c1200000, 0x00000000c3d00000, 0x00000000eb100000)
  object space 44032K, 42% used [0x00000000c1200000,0x00000000c244e5e8,0x00000000c3d00000)
 Metaspace       used 18525K, capacity 18706K, committed 18816K, reserved 1064960K
  class space    used 2350K, capacity 2412K, committed 2432K, reserved 1048576K
}

Deoptimization events (10 events):
Event: 10.452 Thread 0x0000000017255000 Uncommon trap: reason=class_check action=maybe_recompile pc=0x0000000002f1b624 method=java.awt.EventQueue.dispatchEventImpl(Ljava/awt/AWTEvent;Ljava/lang/Object;)V @ 30
Event: 10.453 Thread 0x0000000017255000 Uncommon trap: reason=class_check action=maybe_recompile pc=0x0000000002ed50ac method=java.awt.EventQueue.getAccessControlContextFrom(Ljava/lang/Object;)Ljava/security/AccessControlContext; @ 8
Event: 10.453 Thread 0x0000000017255000 Uncommon trap: reason=class_check action=maybe_recompile pc=0x0000000002f199b0 method=java.awt.EventQueue.dispatchEventImpl(Ljava/awt/AWTEvent;Ljava/lang/Object;)V @ 30
Event: 10.522 Thread 0x0000000017255000 Uncommon trap: reason=class_check action=maybe_recompile pc=0x0000000002f187b8 method=java.awt.EventQueue.dispatchEventImpl(Ljava/awt/AWTEvent;Ljava/lang/Object;)V @ 30
Event: 10.656 Thread 0x0000000017255000 Uncommon trap: reason=class_check action=maybe_recompile pc=0x0000000002f0474c method=java.awt.EventQueue.uncacheEQItem(Lsun/awt/EventQueueItem;)V @ 20
Event: 10.657 Thread 0x0000000017255000 Uncommon trap: reason=class_check action=maybe_recompile pc=0x0000000002f0474c method=java.awt.EventQueue.uncacheEQItem(Lsun/awt/EventQueueItem;)V @ 20
Event: 10.663 Thread 0x0000000017255000 Uncommon trap: reason=class_check action=maybe_recompile pc=0x0000000002f0474c method=java.awt.EventQueue.uncacheEQItem(Lsun/awt/EventQueueItem;)V @ 20
Event: 10.671 Thread 0x0000000017255000 Uncommon trap: reason=class_check action=maybe_recompile pc=0x0000000002f0474c method=java.awt.EventQueue.uncacheEQItem(Lsun/awt/EventQueueItem;)V @ 20
Event: 10.679 Thread 0x0000000017255000 Uncommon trap: reason=class_check action=maybe_recompile pc=0x0000000002f09e78 method=java.awt.EventQueue.uncacheEQItem(Lsun/awt/EventQueueItem;)V @ 20
Event: 10.687 Thread 0x0000000017255000 Uncommon trap: reason=class_check action=maybe_recompile pc=0x0000000002eabef8 method=java.awt.EventQueue.uncacheEQItem(Lsun/awt/EventQueueItem;)V @ 20

Internal exceptions (10 events):
Event: 0.694 Thread 0x0000000002890800 Exception <a 'java/lang/ClassNotFoundException': javax/swing/JToolBarSeparator> (0x00000000eb4c53a8) thrown at [C:\re\workspace\8-2-build-windows-amd64-cygwin\jdk8u131\8869\hotspot\src\share\vm\classfile\systemDictionary.cpp, line 210]
Event: 0.694 Thread 0x0000000002890800 Exception <a 'java/lang/ClassNotFoundException': ToolBarSeparator> (0x00000000eb4c5840) thrown at [C:\re\workspace\8-2-build-windows-amd64-cygwin\jdk8u131\8869\hotspot\src\share\vm\classfile\systemDictionary.cpp, line 210]
Event: 0.694 Thread 0x0000000002890800 Exception <a 'java/lang/ClassNotFoundException': ToolTip> (0x00000000eb4c5f80) thrown at [C:\re\workspace\8-2-build-windows-amd64-cygwin\jdk8u131\8869\hotspot\src\share\vm\classfile\systemDictionary.cpp, line 210]
Event: 0.696 Thread 0x0000000002890800 Exception <a 'java/lang/ClassNotFoundException': Tree> (0x00000000eb4c6ba0) thrown at [C:\re\workspace\8-2-build-windows-amd64-cygwin\jdk8u131\8869\hotspot\src\share\vm\classfile\systemDictionary.cpp, line 210]
Event: 0.696 Thread 0x0000000002890800 Exception <a 'java/lang/ClassNotFoundException': Tree> (0x00000000eb4c72e0) thrown at [C:\re\workspace\8-2-build-windows-amd64-cygwin\jdk8u131\8869\hotspot\src\share\vm\classfile\systemDictionary.cpp, line 210]
Event: 0.696 Thread 0x0000000002890800 Exception <a 'java/lang/ClassNotFoundException': javax/swing/JTreeCell> (0x00000000eb4c7660) thrown at [C:\re\workspace\8-2-build-windows-amd64-cygwin\jdk8u131\8869\hotspot\src\share\vm\classfile\systemDictionary.cpp, line 210]
Event: 0.696 Thread 0x0000000002890800 Exception <a 'java/lang/ClassNotFoundException': TreeCell> (0x00000000eb4c7ae8) thrown at [C:\re\workspace\8-2-build-windows-amd64-cygwin\jdk8u131\8869\hotspot\src\share\vm\classfile\systemDictionary.cpp, line 210]
Event: 0.697 Thread 0x0000000002890800 Exception <a 'java/lang/ClassNotFoundException': RootPane> (0x00000000eb4c8548) thrown at [C:\re\workspace\8-2-build-windows-amd64-cygwin\jdk8u131\8869\hotspot\src\share\vm\classfile\systemDictionary.cpp, line 210]
Event: 2.412 Thread 0x0000000017255000 Exception <a 'java/io/FileNotFoundException'> (0x00000000eb65cd60) thrown at [C:\re\workspace\8-2-build-windows-amd64-cygwin\jdk8u131\8869\hotspot\src\share\vm\prims\jni.cpp, line 709]
Event: 2.551 Thread 0x0000000017255000 Exception <a 'java/io/FileNotFoundException'> (0x00000000eb688f80) thrown at [C:\re\workspace\8-2-build-windows-amd64-cygwin\jdk8u131\8869\hotspot\src\share\vm\prims\jni.cpp, line 709]

Events (10 events):
Event: 10.663 Thread 0x0000000017255000 DEOPT UNPACKING pc=0x00000000029d582a sp=0x000000001835f1d8 mode 2
Event: 10.671 Thread 0x0000000017255000 Uncommon trap: trap_request=0xffffffde fr.pc=0x0000000002f0474c
Event: 10.671 Thread 0x0000000017255000 DEOPT PACKING pc=0x0000000002f0474c sp=0x000000001835f340
Event: 10.671 Thread 0x0000000017255000 DEOPT UNPACKING pc=0x00000000029d582a sp=0x000000001835f1d8 mode 2
Event: 10.679 Thread 0x0000000017255000 Uncommon trap: trap_request=0xffffffde fr.pc=0x0000000002f09e78
Event: 10.679 Thread 0x0000000017255000 DEOPT PACKING pc=0x0000000002f09e78 sp=0x000000001835f290
Event: 10.679 Thread 0x0000000017255000 DEOPT UNPACKING pc=0x00000000029d582a sp=0x000000001835f1c8 mode 2
Event: 10.687 Thread 0x0000000017255000 Uncommon trap: trap_request=0xffffffde fr.pc=0x0000000002eabef8
Event: 10.687 Thread 0x0000000017255000 DEOPT PACKING pc=0x0000000002eabef8 sp=0x000000001835f2a0
Event: 10.687 Thread 0x0000000017255000 DEOPT UNPACKING pc=0x00000000029d582a sp=0x000000001835f1c8 mode 2


Dynamic libraries:
0x00007ff64beb0000 - 0x00007ff64bee7000 	C:\Program Files\Java\jdk1.8.0_131\bin\java.exe
0x00007ffb9a3e0000 - 0x00007ffb9a58d000 	C:\Windows\SYSTEM32\ntdll.dll
0x00007ffb97dd0000 - 0x00007ffb97f0e000 	C:\Windows\system32\KERNEL32.DLL
0x00007ffb978c0000 - 0x00007ffb979d5000 	C:\Windows\system32\KERNELBASE.dll
0x00007ffb960d0000 - 0x00007ffb9615e000 	C:\Windows\system32\apphelp.dll
0x00007ffb8c450000 - 0x00007ffb8c4a3000 	C:\Windows\AppPatch\AppPatch64\AcGenral.DLL
0x00007ffb99660000 - 0x00007ffb9970a000 	C:\Windows\system32\msvcrt.dll
0x00007ffb97a40000 - 0x00007ffb97a6e000 	C:\Windows\system32\SspiCli.dll
0x00007ffb98060000 - 0x00007ffb980b4000 	C:\Windows\system32\SHLWAPI.dll
0x00007ffb998f0000 - 0x00007ffb99a67000 	C:\Windows\system32\USER32.dll
0x00007ffb99ed0000 - 0x00007ffb9a064000 	C:\Windows\system32\ole32.dll
0x00007ffb980c0000 - 0x00007ffb995e9000 	C:\Windows\system32\SHELL32.dll
0x00007ffb96ad0000 - 0x00007ffb96af1000 	C:\Windows\SYSTEM32\USERENV.dll
0x00007ffb9a270000 - 0x00007ffb9a31a000 	C:\Windows\system32\ADVAPI32.dll
0x00007ffb8dad0000 - 0x00007ffb8daee000 	C:\Windows\SYSTEM32\MPR.dll
0x00007ffb97c90000 - 0x00007ffb97dd0000 	C:\Windows\system32\RPCRT4.dll
0x00007ffb99e20000 - 0x00007ffb99e79000 	C:\Windows\SYSTEM32\sechost.dll
0x00007ffb97a70000 - 0x00007ffb97c82000 	C:\Windows\SYSTEM32\combase.dll
0x00007ffb97f10000 - 0x00007ffb9805b000 	C:\Windows\system32\GDI32.dll
0x00007ffb97510000 - 0x00007ffb97525000 	C:\Windows\SYSTEM32\profapi.dll
0x00007ffb95a80000 - 0x00007ffb95b32000 	C:\Windows\SYSTEM32\SHCORE.dll
0x00007ffb99e90000 - 0x00007ffb99ec6000 	C:\Windows\system32\IMM32.DLL
0x00007ffb99a70000 - 0x00007ffb99bc1000 	C:\Windows\system32\MSCTF.dll
0x00007ffb95220000 - 0x00007ffb9549b000 	C:\Windows\WinSxS\amd64_microsoft.windows.common-controls_6595b64144ccf1df_6.0.9600.18006_none_623f33d3ecbe86e8\COMCTL32.dll
0x0000000060a20000 - 0x0000000060af2000 	C:\Program Files\Java\jdk1.8.0_131\jre\bin\msvcr100.dll
0x0000000060b00000 - 0x000000006139c000 	C:\Program Files\Java\jdk1.8.0_131\jre\bin\server\jvm.dll
0x00007ffb942d0000 - 0x00007ffb942d9000 	C:\Windows\SYSTEM32\WSOCK32.dll
0x00007ffb8a2d0000 - 0x00007ffb8a2f2000 	C:\Windows\SYSTEM32\WINMM.dll
0x00007ffb8fde0000 - 0x00007ffb8fdea000 	C:\Windows\SYSTEM32\VERSION.dll
0x00007ffb99650000 - 0x00007ffb99657000 	C:\Windows\system32\PSAPI.DLL
0x00007ffb995f0000 - 0x00007ffb9964a000 	C:\Windows\system32\WS2_32.dll
0x00007ffb8a2a0000 - 0x00007ffb8a2ca000 	C:\Windows\SYSTEM32\WINMMBASE.dll
0x00007ffb9a190000 - 0x00007ffb9a199000 	C:\Windows\system32\NSI.dll
0x00007ffb97870000 - 0x00007ffb978bf000 	C:\Windows\SYSTEM32\cfgmgr32.dll
0x00007ffb96340000 - 0x00007ffb96368000 	C:\Windows\SYSTEM32\DEVOBJ.dll
0x00000000609d0000 - 0x00000000609df000 	C:\Program Files\Java\jdk1.8.0_131\jre\bin\verify.dll
0x00000000609a0000 - 0x00000000609c9000 	C:\Program Files\Java\jdk1.8.0_131\jre\bin\java.dll
0x0000000060980000 - 0x0000000060996000 	C:\Program Files\Java\jdk1.8.0_131\jre\bin\zip.dll
0x00000000607a0000 - 0x0000000060938000 	C:\Program Files\Java\jdk1.8.0_131\jre\bin\awt.dll
0x00007ffb9a1a0000 - 0x00007ffb9a266000 	C:\Windows\system32\OLEAUT32.dll
0x00007ffb961a0000 - 0x00007ffb962c9000 	C:\Windows\system32\uxtheme.dll
0x00007ffb956d0000 - 0x00007ffb956f1000 	C:\Windows\system32\dwmapi.dll
0x00007ffb96370000 - 0x00007ffb9637b000 	C:\Windows\SYSTEM32\kernel.appcore.dll
0x00007ffb97450000 - 0x00007ffb9745b000 	C:\Windows\SYSTEM32\CRYPTBASE.dll
0x00007ffb973e0000 - 0x00007ffb97443000 	C:\Windows\SYSTEM32\bcryptPrimitives.dll
0x0000000060750000 - 0x0000000060797000 	C:\Program Files\Java\jdk1.8.0_131\jre\bin\fontmanager.dll
0x00007ffb7d700000 - 0x00007ffb7d82b000 	C:\Windows\system32\opengl32.dll
0x00007ffb94200000 - 0x00007ffb9422e000 	C:\Windows\SYSTEM32\GLU32.dll
0x00007ffb7d600000 - 0x00007ffb7d6f8000 	C:\Windows\SYSTEM32\DDRAW.dll
0x00007ffb942e0000 - 0x00007ffb942e9000 	C:\Windows\SYSTEM32\DCIMAN32.dll
0x0000000060960000 - 0x000000006097a000 	C:\Program Files\Java\jdk1.8.0_131\jre\bin\net.dll
0x00007ffb96d40000 - 0x00007ffb96d99000 	C:\Windows\system32\mswsock.dll
0x0000000060940000 - 0x0000000060951000 	C:\Program Files\Java\jdk1.8.0_131\jre\bin\nio.dll
0x0000000060700000 - 0x0000000060742000 	C:\Program Files\Java\jdk1.8.0_131\jre\bin\t2k.dll
0x0000000060580000 - 0x00000000605b1000 	C:\Program Files\Java\jdk1.8.0_131\jre\bin\jpeg.dll
0x00007ffb9a320000 - 0x00007ffb9a3d6000 	C:\Windows\SYSTEM32\clbcatq.dll
0x00007ffb95070000 - 0x00007ffb9521e000 	C:\Windows\SYSTEM32\WindowsCodecs.dll
0x00007ffb96da0000 - 0x00007ffb96dc0000 	C:\Windows\SYSTEM32\CRYPTSP.dll
0x00007ffb969c0000 - 0x00007ffb969f6000 	C:\Windows\system32\rsaenh.dll
0x00007ffb97050000 - 0x00007ffb97076000 	C:\Windows\SYSTEM32\bcrypt.dll
0x00000000605c0000 - 0x00000000605ea000 	C:\Program Files\Java\jdk1.8.0_131\jre\bin\dcpr.dll
0x00007ffb96b40000 - 0x00007ffb96be4000 	C:\Windows\SYSTEM32\DNSAPI.dll
0x00007ffb8ea80000 - 0x00007ffb8ea8a000 	C:\Windows\System32\rasadhlp.dll
0x00007ffb92260000 - 0x00007ffb922cb000 	C:\Windows\System32\fwpuclnt.dll

VM Arguments:
jvm_args: -Dfile.encoding=UTF-8 
java_command: forms.ReportAccounting
java_class_path (initial): C:\Program Files\NetBeans 8.2\ide\modules\ext\mysql-connector-java-5.1.23-bin.jar;C:\Users\Aly weza\Desktop\jcalendar-1.4.jar;C:\Program Files\NetBeans 8.2\java\modules\ext\beansbinding-1.2.1.jar;C:\Users\Aly weza\Documents\NetBeansProjects\Gym\build\classes
Launcher Type: SUN_STANDARD

Environment Variables:
PATH=C:\ProgramData\Oracle\Java\javapath;E:\DevSuiteHome_1\jdk\jre\bin\classic;E:\DevSuiteHome_1\jdk\jre\bin;E:\DevSuiteHome_1\jdk\jre\bin\client;E:\DevSuiteHome_1\jlib;E:\DevSuiteHome_1\bin;E:\DevSuiteHome_1\jre\1.4.2\bin\client;E:\DevSuiteHome_1\jre\1.4.2\bin;E:\oracle\product\10.2.0\db_1\bin;C:\Windows\system32;C:\Windows;C:\Windows\System32\Wbem;C:\Windows\System32\WindowsPowerShell\v1.0\
USERNAME=Aly weza
OS=Windows_NT
PROCESSOR_IDENTIFIER=Intel64 Family 6 Model 69 Stepping 1, GenuineIntel



---------------  S Y S T E M  ---------------

OS: Windows 8.1 , 64 bit Build 9600 (6.3.9600.17415)

CPU:total 4 (initial active 4) (2 cores per cpu, 2 threads per core) family 6 model 69 stepping 1, cmov, cx8, fxsr, mmx, sse, sse2, sse3, ssse3, sse4.1, sse4.2, popcnt, avx, avx2, aes, clmul, erms, lzcnt, ht, tsc, tscinvbit, bmi1, bmi2

Memory: 4k page, physical 4117744k(636744k free), swap 6165744k(10972k free)

vm_info: Java HotSpot(TM) 64-Bit Server VM (25.131-b11) for windows-amd64 JRE (1.8.0_131-b11), built on Mar 15 2017 01:23:53 by "java_re" with MS VC++ 10.0 (VS2010)

time: Sun Nov 12 21:27:33 2017
elapsed time: 11 seconds (0d 0h 0m 11s)

