#
# There is insufficient memory for the Java Runtime Environment to continue.
# Native memory allocation (malloc) failed to allocate 1106576 bytes for Chunk::new
# Possible reasons:
#   The system is out of physical RAM or swap space
#   In 32 bit mode, the process size limit was hit
# Possible solutions:
#   Reduce memory load on the system
#   Increase physical memory or swap space
#   Check if swap backing store is full
#   Use 64 bit Java on a 64 bit OS
#   Decrease Java heap size (-Xmx/-Xms)
#   Decrease number of Java threads
#   Decrease Java thread stack sizes (-Xss)
#   Set larger code cache with -XX:ReservedCodeCacheSize=
# This output file may be truncated or incomplete.
#
#  Out of Memory Error (allocation.cpp:390), pid=7440, tid=0x0000000000001f7c
#
# JRE version: Java(TM) SE Runtime Environment (8.0_131-b11) (build 1.8.0_131-b11)
# Java VM: Java HotSpot(TM) 64-Bit Server VM (25.131-b11 mixed mode windows-amd64 compressed oops)
# Failed to write core dump. Minidumps are not enabled by default on client versions of Windows
#

---------------  T H R E A D  ---------------

Current thread (0x0000000015276000):  JavaThread "C2 CompilerThread0" daemon [_thread_in_native, id=8060, stack(0x00000000168a0000,0x00000000169a0000)]

Stack: [0x00000000168a0000,0x00000000169a0000]
[error occurred during error reporting (printing stack bounds), id 0xc0000005]

Native frames: (J=compiled Java code, j=interpreted, Vv=VM code, C=native code)


Current CompileTask:
C2: 336480 4516       4       javax.swing.plaf.synth.SynthButtonUI::propertyChange (19 bytes)


---------------  P R O C E S S  ---------------

Java Threads: ( => current thread )
  0x0000000017a23800 JavaThread "Abandoned connection cleanup thread" daemon [_thread_blocked, id=7524, stack(0x0000000019850000,0x0000000019950000)]
  0x00000000176c4000 JavaThread "TimerQueue" daemon [_thread_blocked, id=8016, stack(0x0000000018970000,0x0000000018a70000)]
  0x0000000002ab0800 JavaThread "DestroyJavaVM" [_thread_blocked, id=5768, stack(0x0000000001240000,0x0000000001340000)]
  0x0000000017608000 JavaThread "AWT-EventQueue-0" [_thread_blocked, id=8064, stack(0x0000000018670000,0x0000000018770000)]
  0x00000000175ad000 JavaThread "AWT-Windows" daemon [_thread_blocked, id=6648, stack(0x0000000017fa0000,0x00000000180a0000)]
  0x00000000175aa000 JavaThread "AWT-Shutdown" [_thread_blocked, id=6380, stack(0x0000000017ea0000,0x0000000017fa0000)]
  0x00000000175a9800 JavaThread "Java2D Disposer" daemon [_thread_blocked, id=1424, stack(0x0000000017da0000,0x0000000017ea0000)]
  0x0000000016c14800 JavaThread "Service Thread" daemon [_thread_blocked, id=3332, stack(0x0000000016fa0000,0x00000000170a0000)]
  0x00000000152c5000 JavaThread "C1 CompilerThread2" daemon [_thread_blocked, id=7264, stack(0x0000000016aa0000,0x0000000016ba0000)]
  0x0000000015279800 JavaThread "C2 CompilerThread1" daemon [_thread_blocked, id=8132, stack(0x00000000169a0000,0x0000000016aa0000)]
=>0x0000000015276000 JavaThread "C2 CompilerThread0" daemon [_thread_in_native, id=8060, stack(0x00000000168a0000,0x00000000169a0000)]
  0x0000000015274800 JavaThread "Attach Listener" daemon [_thread_blocked, id=6736, stack(0x00000000167a0000,0x00000000168a0000)]
  0x00000000152c2800 JavaThread "Signal Dispatcher" daemon [_thread_blocked, id=4928, stack(0x00000000166a0000,0x00000000167a0000)]
  0x0000000002ba9800 JavaThread "Finalizer" daemon [_thread_blocked, id=1616, stack(0x00000000164c0000,0x00000000165c0000)]
  0x0000000002ba0000 JavaThread "Reference Handler" daemon [_thread_blocked, id=7892, stack(0x00000000163c0000,0x00000000164c0000)]

Other Threads:
  0x0000000015237800 VMThread [stack: 0x00000000162c0000,0x00000000163c0000] [id=7316]
  0x0000000016c5f800 WatcherThread [stack: 0x00000000170a0000,0x00000000171a0000] [id=4796]

VM state:at safepoint (normal execution)

VM Mutex/Monitor currently owned by a thread:  ([mutex/lock_event])
[0x0000000002c4beb0] Threads_lock - owner thread: 0x0000000015237800
[0x0000000002c4c0b0] Heap_lock - owner thread: 0x0000000017608000

Heap:
 PSYoungGen      total 52224K, used 192K [0x00000000eb100000, 0x00000000ef580000, 0x0000000100000000)
  eden space 51712K, 0% used [0x00000000eb100000,0x00000000eb100000,0x00000000ee380000)
  from space 512K, 37% used [0x00000000ef480000,0x00000000ef4b0000,0x00000000ef500000)
  to   space 512K, 0% used [0x00000000ef500000,0x00000000ef500000,0x00000000ef580000)
 ParOldGen       total 58880K, used 56992K [0x00000000c1200000, 0x00000000c4b80000, 0x00000000eb100000)
  object space 58880K, 96% used [0x00000000c1200000,0x00000000c49a8288,0x00000000c4b80000)
 Metaspace       used 21781K, capacity 22002K, committed 22448K, reserved 1069056K
  class space    used 2646K, capacity 2718K, committed 2816K, reserved 1048576K

Card table byte_map: [0x0000000012010000,0x0000000012210000] byte_map_base: 0x0000000011a07000

Marking Bits: (ParMarkBitMap*) 0x0000000052e2c720
 Begin Bits: [0x0000000012760000, 0x0000000013718000)
 End Bits:   [0x0000000013718000, 0x00000000146d0000)

Polling page: 0x00000000010d0000

CodeCache: size=245760Kb used=12011Kb max_used=12019Kb free=233748Kb
 bounds [0x0000000002c50000, 0x0000000003830000, 0x0000000011c50000]
 total_blobs=4305 nmethods=3697 adapters=517
 compilation: enabled

Compilation events (10 events):
Event: 336.184 Thread 0x0000000015279800 4533       4       javax.swing.plaf.synth.SynthLookAndFeel::resetSelectedUI (11 bytes)
Event: 336.186 Thread 0x0000000015279800 nmethod 4533 0x0000000002d69b10 code [0x0000000002d69c60, 0x0000000002d69d28]
Event: 336.186 Thread 0x0000000015279800 4534       4       javax.swing.plaf.synth.SynthLabelUI::propertyChange (24 bytes)
Event: 336.187 Thread 0x00000000152c5000 4535   !   3       sun.java2d.pipe.DrawImage::renderImageXform (713 bytes)
Event: 336.195 Thread 0x00000000152c5000 nmethod 4535 0x000000000381e050 code [0x000000000381e560, 0x00000000038213e8]
Event: 336.214 Thread 0x0000000015279800 nmethod 4534 0x0000000003383490 code [0x00000000033836c0, 0x0000000003384080]
Event: 336.235 Thread 0x00000000152c5000 4536       1       forms.ReportMembership::access$1400 (5 bytes)
Event: 336.235 Thread 0x00000000152c5000 nmethod 4536 0x0000000002fb4f90 code [0x0000000002fb50e0, 0x0000000002fb51d0]
Event: 336.259 Thread 0x00000000152c5000 4537       3       forms.ReportMembership$16::actionPerformed (34 bytes)
Event: 336.262 Thread 0x00000000152c5000 nmethod 4537 0x000000000381b290 code [0x000000000381b4a0, 0x000000000381be48]

GC Heap History (10 events):
Event: 334.961 GC heap after
Heap after GC invocations=1911 (full 4):
 PSYoungGen      total 58880K, used 96K [0x00000000eb100000, 0x00000000ef580000, 0x0000000100000000)
  eden space 58368K, 0% used [0x00000000eb100000,0x00000000eb100000,0x00000000eea00000)
  from space 512K, 18% used [0x00000000ef480000,0x00000000ef498000,0x00000000ef500000)
  to   space 512K, 0% used [0x00000000ef500000,0x00000000ef500000,0x00000000ef580000)
 ParOldGen       total 56832K, used 51440K [0x00000000c1200000, 0x00000000c4980000, 0x00000000eb100000)
  object space 56832K, 90% used [0x00000000c1200000,0x00000000c443c258,0x00000000c4980000)
 Metaspace       used 21744K, capacity 22002K, committed 22448K, reserved 1069056K
  class space    used 2637K, capacity 2718K, committed 2816K, reserved 1048576K
}
Event: 335.199 GC heap before
{Heap before GC invocations=1912 (full 4):
 PSYoungGen      total 58880K, used 58464K [0x00000000eb100000, 0x00000000ef580000, 0x0000000100000000)
  eden space 58368K, 100% used [0x00000000eb100000,0x00000000eea00000,0x00000000eea00000)
  from space 512K, 18% used [0x00000000ef480000,0x00000000ef498000,0x00000000ef500000)
  to   space 512K, 0% used [0x00000000ef500000,0x00000000ef500000,0x00000000ef580000)
 ParOldGen       total 56832K, used 51440K [0x00000000c1200000, 0x00000000c4980000, 0x00000000eb100000)
  object space 56832K, 90% used [0x00000000c1200000,0x00000000c443c258,0x00000000c4980000)
 Metaspace       used 21744K, capacity 22002K, committed 22448K, reserved 1069056K
  class space    used 2637K, capacity 2718K, committed 2816K, reserved 1048576K
Event: 335.201 GC heap after
Heap after GC invocations=1912 (full 4):
 PSYoungGen      total 56832K, used 96K [0x00000000eb100000, 0x00000000ef580000, 0x0000000100000000)
  eden space 56320K, 0% used [0x00000000eb100000,0x00000000eb100000,0x00000000ee800000)
  from space 512K, 18% used [0x00000000ef500000,0x00000000ef518000,0x00000000ef580000)
  to   space 512K, 0% used [0x00000000ef480000,0x00000000ef480000,0x00000000ef500000)
 ParOldGen       total 56832K, used 51456K [0x00000000c1200000, 0x00000000c4980000, 0x00000000eb100000)
  object space 56832K, 90% used [0x00000000c1200000,0x00000000c4440258,0x00000000c4980000)
 Metaspace       used 21744K, capacity 22002K, committed 22448K, reserved 1069056K
  class space    used 2637K, capacity 2718K, committed 2816K, reserved 1048576K
}
Event: 335.425 GC heap before
{Heap before GC invocations=1913 (full 4):
 PSYoungGen      total 56832K, used 56416K [0x00000000eb100000, 0x00000000ef580000, 0x0000000100000000)
  eden space 56320K, 100% used [0x00000000eb100000,0x00000000ee800000,0x00000000ee800000)
  from space 512K, 18% used [0x00000000ef500000,0x00000000ef518000,0x00000000ef580000)
  to   space 512K, 0% used [0x00000000ef480000,0x00000000ef480000,0x00000000ef500000)
 ParOldGen       total 56832K, used 51456K [0x00000000c1200000, 0x00000000c4980000, 0x00000000eb100000)
  object space 56832K, 90% used [0x00000000c1200000,0x00000000c4440258,0x00000000c4980000)
 Metaspace       used 21744K, capacity 22002K, committed 22448K, reserved 1069056K
  class space    used 2637K, capacity 2718K, committed 2816K, reserved 1048576K
Event: 335.427 GC heap after
Heap after GC invocations=1913 (full 4):
 PSYoungGen      total 55296K, used 128K [0x00000000eb100000, 0x00000000ef580000, 0x0000000100000000)
  eden space 54784K, 0% used [0x00000000eb100000,0x00000000eb100000,0x00000000ee680000)
  from space 512K, 25% used [0x00000000ef480000,0x00000000ef4a0000,0x00000000ef500000)
  to   space 512K, 0% used [0x00000000ef500000,0x00000000ef500000,0x00000000ef580000)
 ParOldGen       total 56832K, used 51480K [0x00000000c1200000, 0x00000000c4980000, 0x00000000eb100000)
  object space 56832K, 90% used [0x00000000c1200000,0x00000000c4446258,0x00000000c4980000)
 Metaspace       used 21744K, capacity 22002K, committed 22448K, reserved 1069056K
  class space    used 2637K, capacity 2718K, committed 2816K, reserved 1048576K
}
Event: 335.847 GC heap before
{Heap before GC invocations=1914 (full 4):
 PSYoungGen      total 55296K, used 54912K [0x00000000eb100000, 0x00000000ef580000, 0x0000000100000000)
  eden space 54784K, 100% used [0x00000000eb100000,0x00000000ee680000,0x00000000ee680000)
  from space 512K, 25% used [0x00000000ef480000,0x00000000ef4a0000,0x00000000ef500000)
  to   space 512K, 0% used [0x00000000ef500000,0x00000000ef500000,0x00000000ef580000)
 ParOldGen       total 56832K, used 51480K [0x00000000c1200000, 0x00000000c4980000, 0x00000000eb100000)
  object space 56832K, 90% used [0x00000000c1200000,0x00000000c4446258,0x00000000c4980000)
 Metaspace       used 21764K, capacity 22002K, committed 22448K, reserved 1069056K
  class space    used 2642K, capacity 2718K, committed 2816K, reserved 1048576K
Event: 335.850 GC heap after
Heap after GC invocations=1914 (full 4):
 PSYoungGen      total 53760K, used 192K [0x00000000eb100000, 0x00000000ef580000, 0x0000000100000000)
  eden space 53248K, 0% used [0x00000000eb100000,0x00000000eb100000,0x00000000ee500000)
  from space 512K, 37% used [0x00000000ef500000,0x00000000ef530000,0x00000000ef580000)
  to   space 512K, 0% used [0x00000000ef480000,0x00000000ef480000,0x00000000ef500000)
 ParOldGen       total 56832K, used 51480K [0x00000000c1200000, 0x00000000c4980000, 0x00000000eb100000)
  object space 56832K, 90% used [0x00000000c1200000,0x00000000c4446258,0x00000000c4980000)
 Metaspace       used 21764K, capacity 22002K, committed 22448K, reserved 1069056K
  class space    used 2642K, capacity 2718K, committed 2816K, reserved 1048576K
}
Event: 336.370 GC heap before
{Heap before GC invocations=1915 (full 4):
 PSYoungGen      total 53760K, used 53440K [0x00000000eb100000, 0x00000000ef580000, 0x0000000100000000)
  eden space 53248K, 100% used [0x00000000eb100000,0x00000000ee500000,0x00000000ee500000)
  from space 512K, 37% used [0x00000000ef500000,0x00000000ef530000,0x00000000ef580000)
  to   space 512K, 0% used [0x00000000ef480000,0x00000000ef480000,0x00000000ef500000)
 ParOldGen       total 56832K, used 51480K [0x00000000c1200000, 0x00000000c4980000, 0x00000000eb100000)
  object space 56832K, 90% used [0x00000000c1200000,0x00000000c4446258,0x00000000c4980000)
 Metaspace       used 21781K, capacity 22002K, committed 22448K, reserved 1069056K
  class space    used 2646K, capacity 2718K, committed 2816K, reserved 1048576K
Event: 336.376 GC heap after
Heap after GC invocations=1915 (full 4):
 PSYoungGen      total 52224K, used 192K [0x00000000eb100000, 0x00000000ef580000, 0x0000000100000000)
  eden space 51712K, 0% used [0x00000000eb100000,0x00000000eb100000,0x00000000ee380000)
  from space 512K, 37% used [0x00000000ef480000,0x00000000ef4b0000,0x00000000ef500000)
  to   space 512K, 0% used [0x00000000ef500000,0x00000000ef500000,0x00000000ef580000)
 ParOldGen       total 58880K, used 56992K [0x00000000c1200000, 0x00000000c4b80000, 0x00000000eb100000)
  object space 58880K, 96% used [0x00000000c1200000,0x00000000c49a8288,0x00000000c4b80000)
 Metaspace       used 21781K, capacity 22002K, committed 22448K, reserved 1069056K
  class space    used 2646K, capacity 2718K, committed 2816K, reserved 1048576K
}
Event: 336.376 GC heap before
{Heap before GC invocations=1916 (full 5):
 PSYoungGen      total 52224K, used 192K [0x00000000eb100000, 0x00000000ef580000, 0x0000000100000000)
  eden space 51712K, 0% used [0x00000000eb100000,0x00000000eb100000,0x00000000ee380000)
  from space 512K, 37% used [0x00000000ef480000,0x00000000ef4b0000,0x00000000ef500000)
  to   space 512K, 0% used [0x00000000ef500000,0x00000000ef500000,0x00000000ef580000)
 ParOldGen       total 58880K, used 56992K [0x00000000c1200000, 0x00000000c4b80000, 0x00000000eb100000)
  object space 58880K, 96% used [0x00000000c1200000,0x00000000c49a8288,0x00000000c4b80000)
 Metaspace       used 21781K, capacity 22002K, committed 22448K, reserved 1069056K
  class space    used 2646K, capacity 2718K, committed 2816K, reserved 1048576K

Deoptimization events (10 events):
Event: 158.710 Thread 0x00000000175ad000 Uncommon trap: reason=unstable_if action=reinterpret pc=0x000000000322277c method=java.awt.EventQueue.eventToCacheIndex(Ljava/awt/AWTEvent;)I @ 71
Event: 158.713 Thread 0x0000000017608000 Uncommon trap: reason=unstable_if action=reinterpret pc=0x000000000328cd8c method=java.awt.EventQueue.getPriority(Ljava/awt/AWTEvent;)I @ 71
Event: 158.733 Thread 0x00000000175ad000 Uncommon trap: reason=unstable_if action=reinterpret pc=0x000000000350abec method=java.awt.EventQueue.coalesceEvent(Ljava/awt/AWTEvent;I)Z @ 16
Event: 158.750 Thread 0x0000000017608000 Uncommon trap: reason=unstable_if action=reinterpret pc=0x0000000002ed9fa8 method=java.awt.EventQueue.coalesceEvent(Ljava/awt/AWTEvent;I)Z @ 56
Event: 225.660 Thread 0x0000000017608000 Uncommon trap: reason=unstable_if action=reinterpret pc=0x000000000323aa50 method=java.util.IdentityHashMap.isEmpty()Z @ 4
Event: 242.067 Thread 0x0000000017608000 Uncommon trap: reason=unstable_if action=reinterpret pc=0x00000000036bf578 method=java.lang.reflect.Field.get(Ljava/lang/Object;)Ljava/lang/Object; @ 18
Event: 242.070 Thread 0x0000000017608000 Uncommon trap: reason=class_check action=maybe_recompile pc=0x000000000367ad24 method=sun.font.Font2D.getStrike(Lsun/font/FontStrikeDesc;Z)Lsun/font/FontStrike; @ 92
Event: 293.832 Thread 0x00000000176c4000 Uncommon trap: reason=unstable_if action=reinterpret pc=0x00000000032338bc method=java.util.PriorityQueue.offer(Ljava/lang/Object;)Z @ 33
Event: 336.031 Thread 0x0000000017608000 Uncommon trap: reason=unstable_if action=reinterpret pc=0x000000000377c328 method=java.lang.StrictMath.floorOrCeil(DDDD)D @ 115
Event: 336.031 Thread 0x0000000017608000 Uncommon trap: reason=unstable_if action=reinterpret pc=0x0000000002fa194c method=java.lang.StrictMath.floorOrCeil(DDDD)D @ 115

Internal exceptions (10 events):
Event: 1.372 Thread 0x0000000002ab0800 Exception <a 'java/lang/ClassNotFoundException': Tree> (0x00000000eb529600) thrown at [C:\re\workspace\8-2-build-windows-amd64-cygwin\jdk8u131\8869\hotspot\src\share\vm\classfile\systemDictionary.cpp, line 210]
Event: 1.373 Thread 0x0000000002ab0800 Exception <a 'java/lang/ClassNotFoundException': javax/swing/JTreeCell> (0x00000000eb529980) thrown at [C:\re\workspace\8-2-build-windows-amd64-cygwin\jdk8u131\8869\hotspot\src\share\vm\classfile\systemDictionary.cpp, line 210]
Event: 1.373 Thread 0x0000000002ab0800 Exception <a 'java/lang/ClassNotFoundException': TreeCell> (0x00000000eb529e08) thrown at [C:\re\workspace\8-2-build-windows-amd64-cygwin\jdk8u131\8869\hotspot\src\share\vm\classfile\systemDictionary.cpp, line 210]
Event: 1.373 Thread 0x0000000002ab0800 Exception <a 'java/lang/ClassNotFoundException': RootPane> (0x00000000eb52a868) thrown at [C:\re\workspace\8-2-build-windows-amd64-cygwin\jdk8u131\8869\hotspot\src\share\vm\classfile\systemDictionary.cpp, line 210]
Event: 2.104 Thread 0x0000000017608000 Implicit null exception at 0x0000000002eb049a to 0x0000000002eb07a5
Event: 4.271 Thread 0x0000000017608000 Exception <a 'java/io/FileNotFoundException'> (0x00000000eb4d6780) thrown at [C:\re\workspace\8-2-build-windows-amd64-cygwin\jdk8u131\8869\hotspot\src\share\vm\prims\jni.cpp, line 709]
Event: 4.303 Thread 0x0000000017608000 Exception <a 'java/io/FileNotFoundException'> (0x00000000eb5053b0) thrown at [C:\re\workspace\8-2-build-windows-amd64-cygwin\jdk8u131\8869\hotspot\src\share\vm\prims\jni.cpp, line 709]
Event: 46.608 Thread 0x0000000017608000 Implicit null exception at 0x00000000030038f0 to 0x000000000300394b
Event: 87.332 Thread 0x0000000017608000 Implicit null exception at 0x0000000003197e36 to 0x000000000319b531
Event: 87.660 Thread 0x0000000017608000 Implicit null exception at 0x000000000324abec to 0x000000000324af61

Events (10 events):
Event: 336.031 Thread 0x0000000017608000 DEOPT UNPACKING pc=0x0000000002c9582a sp=0x000000001876c0b8 mode 2
Event: 336.031 Thread 0x0000000017608000 Uncommon trap: trap_request=0xffffff65 fr.pc=0x0000000002fa194c
Event: 336.031 Thread 0x0000000017608000 DEOPT PACKING pc=0x0000000002fa194c sp=0x000000001876c2f0
Event: 336.031 Thread 0x0000000017608000 DEOPT UNPACKING pc=0x0000000002c9582a sp=0x000000001876c220 mode 2
Event: 336.040 Thread 0x00000000152c5000 flushing nmethod 0x0000000003250f90
Event: 336.041 Thread 0x00000000152c5000 flushing nmethod 0x0000000003299a90
Event: 336.043 Thread 0x00000000152c5000 flushing nmethod 0x0000000003340b50
Event: 336.153 loading class forms/ReportMembership$16
Event: 336.153 loading class forms/ReportMembership$16 done
Event: 336.369 Executing VM operation: ParallelGCFailedAllocation


Dynamic libraries:
0x00007ff6067a0000 - 0x00007ff6067d7000 	C:\Program Files\Java\jdk1.8.0_131\bin\java.exe
0x00007ff941e90000 - 0x00007ff94203d000 	C:\Windows\SYSTEM32\ntdll.dll
0x00007ff940270000 - 0x00007ff9403ae000 	C:\Windows\system32\KERNEL32.DLL
0x00007ff93f220000 - 0x00007ff93f335000 	C:\Windows\system32\KERNELBASE.dll
0x00007ff93db80000 - 0x00007ff93dc0e000 	C:\Windows\system32\apphelp.dll
0x00007ff932e30000 - 0x00007ff932e83000 	C:\Windows\AppPatch\AppPatch64\AcGenral.DLL
0x00007ff93fed0000 - 0x00007ff93ff7a000 	C:\Windows\system32\msvcrt.dll
0x00007ff93f1f0000 - 0x00007ff93f21e000 	C:\Windows\system32\SspiCli.dll
0x00007ff93f640000 - 0x00007ff93f694000 	C:\Windows\system32\SHLWAPI.dll
0x00007ff93ff80000 - 0x00007ff9400f7000 	C:\Windows\system32\USER32.dll
0x00007ff940590000 - 0x00007ff940724000 	C:\Windows\system32\ole32.dll
0x00007ff940960000 - 0x00007ff941e89000 	C:\Windows\system32\SHELL32.dll
0x00007ff93e580000 - 0x00007ff93e5a1000 	C:\Windows\SYSTEM32\USERENV.dll
0x00007ff940100000 - 0x00007ff9401aa000 	C:\Windows\system32\ADVAPI32.dll
0x00007ff935e90000 - 0x00007ff935eae000 	C:\Windows\SYSTEM32\MPR.dll
0x00007ff93fca0000 - 0x00007ff93fde0000 	C:\Windows\system32\RPCRT4.dll
0x00007ff93f8d0000 - 0x00007ff93f929000 	C:\Windows\SYSTEM32\sechost.dll
0x00007ff940730000 - 0x00007ff940942000 	C:\Windows\SYSTEM32\combase.dll
0x00007ff93f6a0000 - 0x00007ff93f7eb000 	C:\Windows\system32\GDI32.dll
0x00007ff93efc0000 - 0x00007ff93efd5000 	C:\Windows\SYSTEM32\profapi.dll
0x00007ff93d3e0000 - 0x00007ff93d492000 	C:\Windows\SYSTEM32\SHCORE.dll
0x00007ff93f930000 - 0x00007ff93f966000 	C:\Windows\system32\IMM32.DLL
0x00007ff93f970000 - 0x00007ff93fac1000 	C:\Windows\system32\MSCTF.dll
0x00007ff93ccd0000 - 0x00007ff93cf4b000 	C:\Windows\WinSxS\amd64_microsoft.windows.common-controls_6595b64144ccf1df_6.0.9600.18006_none_623f33d3ecbe86e8\COMCTL32.dll
0x0000000052530000 - 0x0000000052602000 	C:\Program Files\Java\jdk1.8.0_131\jre\bin\msvcr100.dll
0x0000000052610000 - 0x0000000052eac000 	C:\Program Files\Java\jdk1.8.0_131\jre\bin\server\jvm.dll
0x00007ff938e90000 - 0x00007ff938e99000 	C:\Windows\SYSTEM32\WSOCK32.dll
0x00007ff934210000 - 0x00007ff934232000 	C:\Windows\SYSTEM32\WINMM.dll
0x00007ff937290000 - 0x00007ff93729a000 	C:\Windows\SYSTEM32\VERSION.dll
0x00007ff93f860000 - 0x00007ff93f867000 	C:\Windows\system32\PSAPI.DLL
0x00007ff93f870000 - 0x00007ff93f8ca000 	C:\Windows\system32\WS2_32.dll
0x00007ff9341e0000 - 0x00007ff93420a000 	C:\Windows\SYSTEM32\WINMMBASE.dll
0x00007ff940950000 - 0x00007ff940959000 	C:\Windows\system32\NSI.dll
0x00007ff93f090000 - 0x00007ff93f0df000 	C:\Windows\SYSTEM32\cfgmgr32.dll
0x00007ff93ddd0000 - 0x00007ff93ddf8000 	C:\Windows\SYSTEM32\DEVOBJ.dll
0x00000000524e0000 - 0x00000000524ef000 	C:\Program Files\Java\jdk1.8.0_131\jre\bin\verify.dll
0x00000000524b0000 - 0x00000000524d9000 	C:\Program Files\Java\jdk1.8.0_131\jre\bin\java.dll
0x0000000052490000 - 0x00000000524a6000 	C:\Program Files\Java\jdk1.8.0_131\jre\bin\zip.dll
0x00000000522b0000 - 0x0000000052448000 	C:\Program Files\Java\jdk1.8.0_131\jre\bin\awt.dll
0x00007ff93fe00000 - 0x00007ff93fec6000 	C:\Windows\system32\OLEAUT32.dll
0x00007ff93dc40000 - 0x00007ff93dd69000 	C:\Windows\system32\uxtheme.dll
0x00007ff93d180000 - 0x00007ff93d1a1000 	C:\Windows\system32\dwmapi.dll
0x00007ff93de20000 - 0x00007ff93de2b000 	C:\Windows\SYSTEM32\kernel.appcore.dll
0x00007ff93ef00000 - 0x00007ff93ef0b000 	C:\Windows\SYSTEM32\CRYPTBASE.dll
0x00007ff93ee90000 - 0x00007ff93eef3000 	C:\Windows\SYSTEM32\bcryptPrimitives.dll
0x0000000052260000 - 0x00000000522a7000 	C:\Program Files\Java\jdk1.8.0_131\jre\bin\fontmanager.dll
0x00007ff9297f0000 - 0x00007ff92991b000 	C:\Windows\system32\opengl32.dll
0x00007ff92abe0000 - 0x00007ff92ac0e000 	C:\Windows\SYSTEM32\GLU32.dll
0x00007ff9296f0000 - 0x00007ff9297e8000 	C:\Windows\SYSTEM32\DDRAW.dll
0x00007ff92abd0000 - 0x00007ff92abd9000 	C:\Windows\SYSTEM32\DCIMAN32.dll
0x0000000052470000 - 0x000000005248a000 	C:\Program Files\Java\jdk1.8.0_131\jre\bin\net.dll
0x00007ff93e7f0000 - 0x00007ff93e849000 	C:\Windows\system32\mswsock.dll
0x0000000052450000 - 0x0000000052461000 	C:\Program Files\Java\jdk1.8.0_131\jre\bin\nio.dll
0x0000000052210000 - 0x0000000052252000 	C:\Program Files\Java\jdk1.8.0_131\jre\bin\t2k.dll
0x0000000052190000 - 0x00000000521c1000 	C:\Program Files\Java\jdk1.8.0_131\jre\bin\jpeg.dll
0x00007ff9401b0000 - 0x00007ff940266000 	C:\Windows\SYSTEM32\clbcatq.dll
0x00007ff93cb20000 - 0x00007ff93ccce000 	C:\Windows\SYSTEM32\WindowsCodecs.dll
0x00007ff93e850000 - 0x00007ff93e870000 	C:\Windows\SYSTEM32\CRYPTSP.dll
0x00007ff93e470000 - 0x00007ff93e4a6000 	C:\Windows\system32\rsaenh.dll
0x00007ff93eb00000 - 0x00007ff93eb26000 	C:\Windows\SYSTEM32\bcrypt.dll
0x00000000521d0000 - 0x00000000521fa000 	C:\Program Files\Java\jdk1.8.0_131\jre\bin\dcpr.dll
0x00007ff93e5f0000 - 0x00007ff93e694000 	C:\Windows\SYSTEM32\DNSAPI.dll
0x00007ff936380000 - 0x00007ff93638a000 	C:\Windows\System32\rasadhlp.dll
0x00007ff939cb0000 - 0x00007ff939d1b000 	C:\Windows\System32\fwpuclnt.dll
0x00007ff93a750000 - 0x00007ff93a77a000 	C:\Windows\SYSTEM32\IPHLPAPI.DLL
0x00007ff93a730000 - 0x00007ff93a73a000 	C:\Windows\SYSTEM32\WINNSI.DLL
0x00007ff9398c0000 - 0x00007ff9398d6000 	C:\Windows\SYSTEM32\dhcpcsvc6.DLL
0x00007ff939a30000 - 0x00007ff939a4a000 	C:\Windows\SYSTEM32\dhcpcsvc.DLL

VM Arguments:
jvm_args: -Dfile.encoding=UTF-8 
java_command: forms.frmMembership
java_class_path (initial): C:\Program Files\NetBeans 8.2\ide\modules\ext\mysql-connector-java-5.1.23-bin.jar;C:\Users\Aly weza\Desktop\jcalendar-1.4.jar;C:\Program Files\NetBeans 8.2\java\modules\ext\beansbinding-1.2.1.jar;C:\Users\Aly weza\Documents\NetBeansProjects\Gym\build\classes
Launcher Type: SUN_STANDARD

Environment Variables:
PATH=C:\ProgramData\Oracle\Java\javapath;E:\DevSuiteHome_1\jdk\jre\bin\classic;E:\DevSuiteHome_1\jdk\jre\bin;E:\DevSuiteHome_1\jdk\jre\bin\client;E:\DevSuiteHome_1\jlib;E:\DevSuiteHome_1\bin;E:\DevSuiteHome_1\jre\1.4.2\bin\client;E:\DevSuiteHome_1\jre\1.4.2\bin;E:\oracle\product\10.2.0\db_1\bin;C:\Windows\system32;C:\Windows;C:\Windows\System32\Wbem;C:\Windows\System32\WindowsPowerShell\v1.0\
USERNAME=Aly weza
OS=Windows_NT
PROCESSOR_IDENTIFIER=Intel64 Family 6 Model 69 Stepping 1, GenuineIntel



---------------  S Y S T E M  ---------------

OS: Windows 8.1 , 64 bit Build 9600 (6.3.9600.17415)

CPU:total 4 (initial active 4) (2 cores per cpu, 2 threads per core) family 6 model 69 stepping 1, cmov, cx8, fxsr, mmx, sse, sse2, sse3, ssse3, sse4.1, sse4.2, popcnt, avx, avx2, aes, clmul, erms, lzcnt, ht, tsc, tscinvbit, bmi1, bmi2

Memory: 4k page, physical 4117744k(830496k free), swap 6165744k(5316k free)

vm_info: Java HotSpot(TM) 64-Bit Server VM (25.131-b11) for windows-amd64 JRE (1.8.0_131-b11), built on Mar 15 2017 01:23:53 by "java_re" with MS VC++ 10.0 (VS2010)

time: Thu Dec 21 01:05:02 2017
elapsed time: 336 seconds (0d 0h 5m 36s)

