#
# There is insufficient memory for the Java Runtime Environment to continue.
# Native memory allocation (malloc) failed to allocate 65552 bytes for Chunk::new
# Possible reasons:
#   The system is out of physical RAM or swap space
#   In 32 bit mode, the process size limit was hit
# Possible solutions:
#   Reduce memory load on the system
#   Increase physical memory or swap space
#   Check if swap backing store is full
#   Use 64 bit Java on a 64 bit OS
#   Decrease Java heap size (-Xmx/-Xms)
#   Decrease number of Java threads
#   Decrease Java thread stack sizes (-Xss)
#   Set larger code cache with -XX:ReservedCodeCacheSize=
# This output file may be truncated or incomplete.
#
#  Out of Memory Error (allocation.cpp:390), pid=9048, tid=0x000000000000119c
#
# JRE version: Java(TM) SE Runtime Environment (8.0_131-b11) (build 1.8.0_131-b11)
# Java VM: Java HotSpot(TM) 64-Bit Server VM (25.131-b11 mixed mode windows-amd64 compressed oops)
# Failed to write core dump. Minidumps are not enabled by default on client versions of Windows
#

---------------  T H R E A D  ---------------

Current thread (0x0000000014885000):  JavaThread "C2 CompilerThread0" daemon [_thread_in_native, id=4508, stack(0x0000000015ed0000,0x0000000015fd0000)]

Stack: [0x0000000015ed0000,0x0000000015fd0000]
[error occurred during error reporting (printing stack bounds), id 0xc0000005]

Native frames: (J=compiled Java code, j=interpreted, Vv=VM code, C=native code)


Current CompileTask:
C2:  17284 1927   !   4       java.awt.Component::reshape (312 bytes)


---------------  P R O C E S S  ---------------

Java Threads: ( => current thread )
  0x0000000002160800 JavaThread "DestroyJavaVM" [_thread_blocked, id=7352, stack(0x0000000002000000,0x0000000002100000)]
  0x0000000017717800 JavaThread "TimerQueue" daemon [_thread_blocked, id=4172, stack(0x0000000018ad0000,0x0000000018bd0000)]
  0x0000000016592800 JavaThread "AWT-EventQueue-0" [_thread_in_native, id=8412, stack(0x0000000017cb0000,0x0000000017db0000)]
  0x000000001655d000 JavaThread "AWT-Windows" daemon [_thread_in_native, id=1488, stack(0x0000000016fa0000,0x00000000170a0000)]
  0x000000001655a800 JavaThread "AWT-Shutdown" [_thread_blocked, id=3268, stack(0x0000000016ea0000,0x0000000016fa0000)]
  0x0000000016558800 JavaThread "Java2D Disposer" daemon [_thread_blocked, id=8664, stack(0x0000000016da0000,0x0000000016ea0000)]
  0x0000000016244000 JavaThread "Service Thread" daemon [_thread_blocked, id=9024, stack(0x00000000165d0000,0x00000000166d0000)]
  0x000000001488e000 JavaThread "C1 CompilerThread2" daemon [_thread_blocked, id=8172, stack(0x00000000160d0000,0x00000000161d0000)]
  0x0000000014887800 JavaThread "C2 CompilerThread1" daemon [_thread_in_native, id=4864, stack(0x0000000015fd0000,0x00000000160d0000)]
=>0x0000000014885000 JavaThread "C2 CompilerThread0" daemon [_thread_in_native, id=4508, stack(0x0000000015ed0000,0x0000000015fd0000)]
  0x0000000014884000 JavaThread "Attach Listener" daemon [_thread_blocked, id=6440, stack(0x0000000015dd0000,0x0000000015ed0000)]
  0x0000000014878800 JavaThread "Signal Dispatcher" daemon [_thread_blocked, id=3400, stack(0x0000000015cd0000,0x0000000015dd0000)]
  0x000000000225a800 JavaThread "Finalizer" daemon [_thread_blocked, id=5976, stack(0x0000000015ad0000,0x0000000015bd0000)]
  0x0000000002251000 JavaThread "Reference Handler" daemon [_thread_blocked, id=9072, stack(0x00000000159d0000,0x0000000015ad0000)]

Other Threads:
  0x0000000014847800 VMThread [stack: 0x00000000158d0000,0x00000000159d0000] [id=7328]
  0x0000000016289000 WatcherThread [stack: 0x00000000166d0000,0x00000000167d0000] [id=9156]

VM state:not at safepoint (normal execution)

VM Mutex/Monitor currently owned by a thread: None

Heap:
 PSYoungGen      total 18944K, used 7925K [0x00000000eb100000, 0x00000000ec600000, 0x0000000100000000)
  eden space 16384K, 32% used [0x00000000eb100000,0x00000000eb6456d8,0x00000000ec100000)
  from space 2560K, 98% used [0x00000000ec100000,0x00000000ec378020,0x00000000ec380000)
  to   space 2560K, 0% used [0x00000000ec380000,0x00000000ec380000,0x00000000ec600000)
 ParOldGen       total 44032K, used 16668K [0x00000000c1200000, 0x00000000c3d00000, 0x00000000eb100000)
  object space 44032K, 37% used [0x00000000c1200000,0x00000000c2247370,0x00000000c3d00000)
 Metaspace       used 14891K, capacity 15078K, committed 15360K, reserved 1062912K
  class space    used 1869K, capacity 1944K, committed 2048K, reserved 1048576K

Card table byte_map: [0x0000000011620000,0x0000000011820000] byte_map_base: 0x0000000011017000

Marking Bits: (ParMarkBitMap*) 0x00000000695ac720
 Begin Bits: [0x0000000011d70000, 0x0000000012d28000)
 End Bits:   [0x0000000012d28000, 0x0000000013ce0000)

Polling page: 0x0000000000850000

CodeCache: size=245760Kb used=6767Kb max_used=6775Kb free=238992Kb
 bounds [0x0000000002260000, 0x0000000002910000, 0x0000000011260000]
 total_blobs=2442 nmethods=1926 adapters=427
 compilation: enabled

Compilation events (10 events):
Event: 16.896 Thread 0x0000000014885000 nmethod 1918 0x00000000028a89d0 code [0x00000000028a8b00, 0x00000000028a8b58]
Event: 16.897 Thread 0x0000000014885000 1923       4       javax.swing.GroupLayout$ComponentSpring::calculateMaximumSize (29 bytes)
Event: 17.040 Thread 0x0000000014887800 nmethod 1913 0x00000000028fd690 code [0x00000000028fd940, 0x00000000028ff968]
Event: 17.040 Thread 0x0000000014887800 1925       4       javax.swing.GroupLayout$AutoPreferredGapSpring::calculatePadding (165 bytes)
Event: 17.051 Thread 0x0000000014885000 nmethod 1923 0x00000000028d5010 code [0x00000000028d52e0, 0x00000000028d6e60]
Event: 17.052 Thread 0x0000000014885000 1927   !   4       java.awt.Component::reshape (312 bytes)
Event: 17.082 Thread 0x0000000014887800 nmethod 1925 0x00000000028db0d0 code [0x00000000028db2e0, 0x00000000028dbed0]
Event: 17.082 Thread 0x0000000014887800 1926       4       java.awt.Component::setBounds (10 bytes)
Event: 17.083 Thread 0x0000000014887800 nmethod 1926 0x00000000028ac610 code [0x00000000028ac740, 0x00000000028ac7b8]
Event: 17.083 Thread 0x0000000014887800 1928       4       javax.swing.JComponent::reshape (10 bytes)

GC Heap History (6 events):
Event: 4.312 GC heap before
{Heap before GC invocations=1 (full 0):
 PSYoungGen      total 18944K, used 14941K [0x00000000eb100000, 0x00000000ec600000, 0x0000000100000000)
  eden space 16384K, 91% used [0x00000000eb100000,0x00000000ebf974e8,0x00000000ec100000)
  from space 2560K, 0% used [0x00000000ec380000,0x00000000ec380000,0x00000000ec600000)
  to   space 2560K, 0% used [0x00000000ec100000,0x00000000ec100000,0x00000000ec380000)
 ParOldGen       total 44032K, used 0K [0x00000000c1200000, 0x00000000c3d00000, 0x00000000eb100000)
  object space 44032K, 0% used [0x00000000c1200000,0x00000000c1200000,0x00000000c3d00000)
 Metaspace       used 14140K, capacity 14342K, committed 14464K, reserved 1062912K
  class space    used 1841K, capacity 1912K, committed 1920K, reserved 1048576K
Event: 4.332 GC heap after
Heap after GC invocations=1 (full 0):
 PSYoungGen      total 18944K, used 2544K [0x00000000eb100000, 0x00000000ec600000, 0x0000000100000000)
  eden space 16384K, 0% used [0x00000000eb100000,0x00000000eb100000,0x00000000ec100000)
  from space 2560K, 99% used [0x00000000ec100000,0x00000000ec37c010,0x00000000ec380000)
  to   space 2560K, 0% used [0x00000000ec380000,0x00000000ec380000,0x00000000ec600000)
 ParOldGen       total 44032K, used 5528K [0x00000000c1200000, 0x00000000c3d00000, 0x00000000eb100000)
  object space 44032K, 12% used [0x00000000c1200000,0x00000000c1766030,0x00000000c3d00000)
 Metaspace       used 14140K, capacity 14342K, committed 14464K, reserved 1062912K
  class space    used 1841K, capacity 1912K, committed 1920K, reserved 1048576K
}
Event: 10.547 GC heap before
{Heap before GC invocations=2 (full 0):
 PSYoungGen      total 18944K, used 18172K [0x00000000eb100000, 0x00000000ec600000, 0x0000000100000000)
  eden space 16384K, 95% used [0x00000000eb100000,0x00000000ec043138,0x00000000ec100000)
  from space 2560K, 99% used [0x00000000ec100000,0x00000000ec37c010,0x00000000ec380000)
  to   space 2560K, 0% used [0x00000000ec380000,0x00000000ec380000,0x00000000ec600000)
 ParOldGen       total 44032K, used 5528K [0x00000000c1200000, 0x00000000c3d00000, 0x00000000eb100000)
  object space 44032K, 12% used [0x00000000c1200000,0x00000000c1766030,0x00000000c3d00000)
 Metaspace       used 14661K, capacity 14886K, committed 15104K, reserved 1062912K
  class space    used 1869K, capacity 1944K, committed 2048K, reserved 1048576K
Event: 10.577 GC heap after
Heap after GC invocations=2 (full 0):
 PSYoungGen      total 18944K, used 2544K [0x00000000eb100000, 0x00000000ec600000, 0x0000000100000000)
  eden space 16384K, 0% used [0x00000000eb100000,0x00000000eb100000,0x00000000ec100000)
  from space 2560K, 99% used [0x00000000ec380000,0x00000000ec5fc010,0x00000000ec600000)
  to   space 2560K, 0% used [0x00000000ec100000,0x00000000ec100000,0x00000000ec380000)
 ParOldGen       total 44032K, used 13823K [0x00000000c1200000, 0x00000000c3d00000, 0x00000000eb100000)
  object space 44032K, 31% used [0x00000000c1200000,0x00000000c1f7ff60,0x00000000c3d00000)
 Metaspace       used 14661K, capacity 14886K, committed 15104K, reserved 1062912K
  class space    used 1869K, capacity 1944K, committed 2048K, reserved 1048576K
}
Event: 15.602 GC heap before
{Heap before GC invocations=3 (full 0):
 PSYoungGen      total 18944K, used 17122K [0x00000000eb100000, 0x00000000ec600000, 0x0000000100000000)
  eden space 16384K, 88% used [0x00000000eb100000,0x00000000ebf3ca58,0x00000000ec100000)
  from space 2560K, 99% used [0x00000000ec380000,0x00000000ec5fc010,0x00000000ec600000)
  to   space 2560K, 0% used [0x00000000ec100000,0x00000000ec100000,0x00000000ec380000)
 ParOldGen       total 44032K, used 13823K [0x00000000c1200000, 0x00000000c3d00000, 0x00000000eb100000)
  object space 44032K, 31% used [0x00000000c1200000,0x00000000c1f7ff60,0x00000000c3d00000)
 Metaspace       used 14853K, capacity 15078K, committed 15360K, reserved 1062912K
  class space    used 1869K, capacity 1944K, committed 2048K, reserved 1048576K
Event: 15.639 GC heap after
Heap after GC invocations=3 (full 0):
 PSYoungGen      total 18944K, used 2528K [0x00000000eb100000, 0x00000000ec600000, 0x0000000100000000)
  eden space 16384K, 0% used [0x00000000eb100000,0x00000000eb100000,0x00000000ec100000)
  from space 2560K, 98% used [0x00000000ec100000,0x00000000ec378020,0x00000000ec380000)
  to   space 2560K, 0% used [0x00000000ec380000,0x00000000ec380000,0x00000000ec600000)
 ParOldGen       total 44032K, used 16668K [0x00000000c1200000, 0x00000000c3d00000, 0x00000000eb100000)
  object space 44032K, 37% used [0x00000000c1200000,0x00000000c2247370,0x00000000c3d00000)
 Metaspace       used 14853K, capacity 15078K, committed 15360K, reserved 1062912K
  class space    used 1869K, capacity 1944K, committed 2048K, reserved 1048576K
}

Deoptimization events (10 events):
Event: 3.735 Thread 0x0000000002160800 Uncommon trap: reason=bimorphic action=maybe_recompile pc=0x000000000246d38c method=java.util.HashMap.getNode(ILjava/lang/Object;)Ljava/util/HashMap$Node; @ 126
Event: 3.740 Thread 0x0000000002160800 Uncommon trap: reason=class_check action=maybe_recompile pc=0x000000000257065c method=java.util.HashMap.putVal(ILjava/lang/Object;Ljava/lang/Object;ZZ)Ljava/lang/Object; @ 253
Event: 3.740 Thread 0x0000000002160800 Uncommon trap: reason=class_check action=maybe_recompile pc=0x000000000257065c method=java.util.HashMap.putVal(ILjava/lang/Object;Ljava/lang/Object;ZZ)Ljava/lang/Object; @ 253
Event: 3.740 Thread 0x0000000002160800 Uncommon trap: reason=class_check action=maybe_recompile pc=0x000000000257065c method=java.util.HashMap.putVal(ILjava/lang/Object;Ljava/lang/Object;ZZ)Ljava/lang/Object; @ 253
Event: 3.740 Thread 0x0000000002160800 Uncommon trap: reason=class_check action=maybe_recompile pc=0x000000000257065c method=java.util.HashMap.putVal(ILjava/lang/Object;Ljava/lang/Object;ZZ)Ljava/lang/Object; @ 253
Event: 3.740 Thread 0x0000000002160800 Uncommon trap: reason=class_check action=maybe_recompile pc=0x0000000002573a6c method=java.util.HashMap.putVal(ILjava/lang/Object;Ljava/lang/Object;ZZ)Ljava/lang/Object; @ 253
Event: 4.278 Thread 0x000000001655d000 Uncommon trap: reason=unstable_if action=reinterpret pc=0x00000000024ec870 method=sun.awt.SunToolkit.getAppContext(Ljava/lang/Object;)Lsun/awt/AppContext; @ 4
Event: 4.290 Thread 0x0000000016592800 Uncommon trap: reason=unstable_if action=reinterpret pc=0x000000000250b0e4 method=sun.awt.SunToolkit.getAppContext(Ljava/lang/Object;)Lsun/awt/AppContext; @ 4
Event: 4.344 Thread 0x0000000016592800 Uncommon trap: reason=unstable_if action=reinterpret pc=0x000000000256de80 method=java.lang.ref.SoftReference.get()Ljava/lang/Object; @ 17
Event: 5.532 Thread 0x0000000016592800 Uncommon trap: reason=unstable_if action=reinterpret pc=0x0000000002654788 method=java.awt.Component.inside(II)Z @ 13

Internal exceptions (10 events):
Event: 0.944 Thread 0x0000000002160800 Exception <a 'java/security/PrivilegedActionException'> (0x00000000eb220e58) thrown at [C:\re\workspace\8-2-build-windows-amd64-cygwin\jdk8u131\8869\hotspot\src\share\vm\prims\jvm.cpp, line 1390]
Event: 0.944 Thread 0x0000000002160800 Exception <a 'java/security/PrivilegedActionException'> (0x00000000eb221068) thrown at [C:\re\workspace\8-2-build-windows-amd64-cygwin\jdk8u131\8869\hotspot\src\share\vm\prims\jvm.cpp, line 1390]
Event: 0.961 Thread 0x0000000002160800 Exception <a 'java/security/PrivilegedActionException'> (0x00000000eb224f78) thrown at [C:\re\workspace\8-2-build-windows-amd64-cygwin\jdk8u131\8869\hotspot\src\share\vm\prims\jvm.cpp, line 1390]
Event: 0.961 Thread 0x0000000002160800 Exception <a 'java/security/PrivilegedActionException'> (0x00000000eb225188) thrown at [C:\re\workspace\8-2-build-windows-amd64-cygwin\jdk8u131\8869\hotspot\src\share\vm\prims\jvm.cpp, line 1390]
Event: 0.981 Thread 0x0000000002160800 Exception <a 'java/io/FileNotFoundException'> (0x00000000eb227500) thrown at [C:\re\workspace\8-2-build-windows-amd64-cygwin\jdk8u131\8869\hotspot\src\share\vm\prims\jni.cpp, line 709]
Event: 1.225 Thread 0x0000000002160800 Exception <a 'java/lang/NoSuchFieldError': method resolution failed> (0x00000000eb2f4df0) thrown at [C:\re\workspace\8-2-build-windows-amd64-cygwin\jdk8u131\8869\hotspot\src\share\vm\prims\methodHandles.cpp, line 1146]
Event: 1.264 Thread 0x0000000002160800 Exception <a 'java/lang/NoSuchFieldError': method resolution failed> (0x00000000eb302140) thrown at [C:\re\workspace\8-2-build-windows-amd64-cygwin\jdk8u131\8869\hotspot\src\share\vm\prims\methodHandles.cpp, line 1146]
Event: 1.420 Thread 0x0000000002160800 Exception <a 'java/io/FileNotFoundException'> (0x00000000eb396908) thrown at [C:\re\workspace\8-2-build-windows-amd64-cygwin\jdk8u131\8869\hotspot\src\share\vm\prims\jni.cpp, line 709]
Event: 3.362 Thread 0x0000000002160800 Exception <a 'java/io/FileNotFoundException'> (0x00000000eb996b80) thrown at [C:\re\workspace\8-2-build-windows-amd64-cygwin\jdk8u131\8869\hotspot\src\share\vm\prims\jni.cpp, line 709]
Event: 3.404 Thread 0x0000000002160800 Exception <a 'java/io/FileNotFoundException'> (0x00000000eb9c2850) thrown at [C:\re\workspace\8-2-build-windows-amd64-cygwin\jdk8u131\8869\hotspot\src\share\vm\prims\jni.cpp, line 709]

Events (10 events):
Event: 9.778 loading class javax/swing/RepaintManager$3
Event: 9.778 loading class javax/swing/RepaintManager$3 done
Event: 10.096 loading class javax/swing/JTable$5
Event: 10.100 loading class javax/swing/JTable$5 done
Event: 10.218 loading class java/util/ArrayList$1
Event: 10.219 loading class java/util/ArrayList$1 done
Event: 10.547 Executing VM operation: ParallelGCFailedAllocation
Event: 10.577 Executing VM operation: ParallelGCFailedAllocation done
Event: 15.602 Executing VM operation: ParallelGCFailedAllocation
Event: 15.640 Executing VM operation: ParallelGCFailedAllocation done


Dynamic libraries:
0x00007ff66b740000 - 0x00007ff66b777000 	C:\Program Files\Java\jdk1.8.0_131\bin\java.exe
0x00007ff9d6300000 - 0x00007ff9d64ad000 	C:\Windows\SYSTEM32\ntdll.dll
0x00007ff9d6110000 - 0x00007ff9d624e000 	C:\Windows\system32\KERNEL32.DLL
0x00007ff9d3500000 - 0x00007ff9d3615000 	C:\Windows\system32\KERNELBASE.dll
0x00007ff9d1ff0000 - 0x00007ff9d207e000 	C:\Windows\system32\apphelp.dll
0x00007ff9c4f00000 - 0x00007ff9c4f53000 	C:\Windows\AppPatch\AppPatch64\AcGenral.DLL
0x00007ff9d6250000 - 0x00007ff9d62fa000 	C:\Windows\system32\msvcrt.dll
0x00007ff9d3800000 - 0x00007ff9d382e000 	C:\Windows\system32\SspiCli.dll
0x00007ff9d43c0000 - 0x00007ff9d4414000 	C:\Windows\system32\SHLWAPI.dll
0x00007ff9d3e60000 - 0x00007ff9d3fd7000 	C:\Windows\system32\USER32.dll
0x00007ff9d5f10000 - 0x00007ff9d60a4000 	C:\Windows\system32\ole32.dll
0x00007ff9d45b0000 - 0x00007ff9d5ad9000 	C:\Windows\system32\SHELL32.dll
0x00007ff9d2980000 - 0x00007ff9d29a1000 	C:\Windows\SYSTEM32\USERENV.dll
0x00007ff9d4080000 - 0x00007ff9d412a000 	C:\Windows\system32\ADVAPI32.dll
0x00007ff9cc670000 - 0x00007ff9cc68e000 	C:\Windows\SYSTEM32\MPR.dll
0x00007ff9d3bc0000 - 0x00007ff9d3d00000 	C:\Windows\system32\RPCRT4.dll
0x00007ff9d60b0000 - 0x00007ff9d6109000 	C:\Windows\SYSTEM32\sechost.dll
0x00007ff9d5b40000 - 0x00007ff9d5d52000 	C:\Windows\SYSTEM32\combase.dll
0x00007ff9d39b0000 - 0x00007ff9d3afb000 	C:\Windows\system32\GDI32.dll
0x00007ff9d3430000 - 0x00007ff9d3445000 	C:\Windows\SYSTEM32\profapi.dll
0x00007ff9d1770000 - 0x00007ff9d1822000 	C:\Windows\SYSTEM32\SHCORE.dll
0x00007ff9d4370000 - 0x00007ff9d43a6000 	C:\Windows\system32\IMM32.DLL
0x00007ff9d3d00000 - 0x00007ff9d3e51000 	C:\Windows\system32\MSCTF.dll
0x00007ff9d12f0000 - 0x00007ff9d156b000 	C:\Windows\WinSxS\amd64_microsoft.windows.common-controls_6595b64144ccf1df_6.0.9600.18006_none_623f33d3ecbe86e8\COMCTL32.dll
0x0000000068cb0000 - 0x0000000068d82000 	C:\Program Files\Java\jdk1.8.0_131\jre\bin\msvcr100.dll
0x0000000068d90000 - 0x000000006962c000 	C:\Program Files\Java\jdk1.8.0_131\jre\bin\server\jvm.dll
0x00007ff9cc8a0000 - 0x00007ff9cc8a9000 	C:\Windows\SYSTEM32\WSOCK32.dll
0x00007ff9d07d0000 - 0x00007ff9d07f2000 	C:\Windows\SYSTEM32\WINMM.dll
0x00007ff9c8730000 - 0x00007ff9c873a000 	C:\Windows\SYSTEM32\VERSION.dll
0x00007ff9d43b0000 - 0x00007ff9d43b7000 	C:\Windows\system32\PSAPI.DLL
0x00007ff9d5ae0000 - 0x00007ff9d5b3a000 	C:\Windows\system32\WS2_32.dll
0x00007ff9d01d0000 - 0x00007ff9d01fa000 	C:\Windows\SYSTEM32\WINMMBASE.dll
0x00007ff9d4000000 - 0x00007ff9d4009000 	C:\Windows\system32\NSI.dll
0x00007ff9d3940000 - 0x00007ff9d398f000 	C:\Windows\SYSTEM32\cfgmgr32.dll
0x00007ff9d2250000 - 0x00007ff9d2278000 	C:\Windows\SYSTEM32\DEVOBJ.dll
0x0000000068c60000 - 0x0000000068c6f000 	C:\Program Files\Java\jdk1.8.0_131\jre\bin\verify.dll
0x0000000068c30000 - 0x0000000068c59000 	C:\Program Files\Java\jdk1.8.0_131\jre\bin\java.dll
0x0000000068c10000 - 0x0000000068c26000 	C:\Program Files\Java\jdk1.8.0_131\jre\bin\zip.dll
0x0000000068a30000 - 0x0000000068bc8000 	C:\Program Files\Java\jdk1.8.0_131\jre\bin\awt.dll
0x00007ff9d44e0000 - 0x00007ff9d45a6000 	C:\Windows\system32\OLEAUT32.dll
0x00007ff9d1570000 - 0x00007ff9d1591000 	C:\Windows\system32\DWMAPI.DLL
0x00007ff9d20d0000 - 0x00007ff9d21f9000 	C:\Windows\system32\uxtheme.dll
0x00007ff9c5ee0000 - 0x00007ff9c600b000 	C:\Windows\system32\opengl32.dll
0x00007ff9cbce0000 - 0x00007ff9cbd0e000 	C:\Windows\SYSTEM32\GLU32.dll
0x00007ff9c5d50000 - 0x00007ff9c5e48000 	C:\Windows\SYSTEM32\DDRAW.dll
0x00007ff9ce050000 - 0x00007ff9ce059000 	C:\Windows\SYSTEM32\DCIMAN32.dll
0x00007ff9d2080000 - 0x00007ff9d208b000 	C:\Windows\SYSTEM32\kernel.appcore.dll
0x00007ff9d3370000 - 0x00007ff9d337b000 	C:\Windows\SYSTEM32\CRYPTBASE.dll
0x00007ff9d3300000 - 0x00007ff9d3363000 	C:\Windows\SYSTEM32\bcryptPrimitives.dll
0x00000000689e0000 - 0x0000000068a27000 	C:\Program Files\Java\jdk1.8.0_131\jre\bin\fontmanager.dll
0x0000000068bf0000 - 0x0000000068c0a000 	C:\Program Files\Java\jdk1.8.0_131\jre\bin\net.dll
0x00007ff9d2cc0000 - 0x00007ff9d2d19000 	C:\Windows\system32\mswsock.dll
0x0000000068bd0000 - 0x0000000068be1000 	C:\Program Files\Java\jdk1.8.0_131\jre\bin\nio.dll
0x0000000068990000 - 0x00000000689d2000 	C:\Program Files\Java\jdk1.8.0_131\jre\bin\t2k.dll
0x00007ff9d3b00000 - 0x00007ff9d3bb6000 	C:\Windows\SYSTEM32\clbcatq.dll
0x00007ff9ce5e0000 - 0x00007ff9ce78e000 	C:\Windows\SYSTEM32\WindowsCodecs.dll
0x00007ff9d2d20000 - 0x00007ff9d2d40000 	C:\Windows\SYSTEM32\CRYPTSP.dll
0x00007ff9d2890000 - 0x00007ff9d28c6000 	C:\Windows\system32\rsaenh.dll
0x00007ff9d2fe0000 - 0x00007ff9d3006000 	C:\Windows\SYSTEM32\bcrypt.dll
0x00007ff9ce7a0000 - 0x00007ff9ce7ca000 	C:\Windows\SYSTEM32\IPHLPAPI.DLL
0x00007ff9ce790000 - 0x00007ff9ce79a000 	C:\Windows\SYSTEM32\WINNSI.DLL
0x00007ff9cda40000 - 0x00007ff9cda56000 	C:\Windows\SYSTEM32\dhcpcsvc6.DLL
0x00007ff9cdbe0000 - 0x00007ff9cdbfa000 	C:\Windows\SYSTEM32\dhcpcsvc.DLL
0x0000000068820000 - 0x0000000068851000 	C:\Program Files\Java\jdk1.8.0_131\jre\bin\jpeg.dll

VM Arguments:
jvm_args: -Dfile.encoding=UTF-8 
java_command: gym.Gym
java_class_path (initial): C:\Program Files\NetBeans 8.2\ide\modules\ext\mysql-connector-java-5.1.23-bin.jar;C:\Users\Aly weza\Desktop\jcalendar-1.4.jar;C:\Users\Aly weza\Documents\NetBeansProjects\Gym\build\classes
Launcher Type: SUN_STANDARD

Environment Variables:
PATH=C:\ProgramData\Oracle\Java\javapath;E:\DevSuiteHome_1\jdk\jre\bin\classic;E:\DevSuiteHome_1\jdk\jre\bin;E:\DevSuiteHome_1\jdk\jre\bin\client;E:\DevSuiteHome_1\jlib;E:\DevSuiteHome_1\bin;E:\DevSuiteHome_1\jre\1.4.2\bin\client;E:\DevSuiteHome_1\jre\1.4.2\bin;E:\oracle\product\10.2.0\db_1\bin;C:\Windows\system32;C:\Windows;C:\Windows\System32\Wbem;C:\Windows\System32\WindowsPowerShell\v1.0\
USERNAME=Aly weza
OS=Windows_NT
PROCESSOR_IDENTIFIER=Intel64 Family 6 Model 69 Stepping 1, GenuineIntel



---------------  S Y S T E M  ---------------

OS: Windows 8.1 , 64 bit Build 9600 (6.3.9600.17415)

CPU:total 4 (initial active 4) (2 cores per cpu, 2 threads per core) family 6 model 69 stepping 1, cmov, cx8, fxsr, mmx, sse, sse2, sse3, ssse3, sse4.1, sse4.2, popcnt, avx, avx2, aes, clmul, erms, lzcnt, ht, tsc, tscinvbit, bmi1, bmi2

Memory: 4k page, physical 4117744k(770420k free), swap 6165744k(3388k free)

vm_info: Java HotSpot(TM) 64-Bit Server VM (25.131-b11) for windows-amd64 JRE (1.8.0_131-b11), built on Mar 15 2017 01:23:53 by "java_re" with MS VC++ 10.0 (VS2010)

time: Tue Oct 31 05:30:14 2017
elapsed time: 17 seconds (0d 0h 0m 17s)

