#
# There is insufficient memory for the Java Runtime Environment to continue.
# Native memory allocation (malloc) failed to allocate 32744 bytes for ChunkPool::allocate
# Possible reasons:
#   The system is out of physical RAM or swap space
#   In 32 bit mode, the process size limit was hit
# Possible solutions:
#   Reduce memory load on the system
#   Increase physical memory or swap space
#   Check if swap backing store is full
#   Use 64 bit Java on a 64 bit OS
#   Decrease Java heap size (-Xmx/-Xms)
#   Decrease number of Java threads
#   Decrease Java thread stack sizes (-Xss)
#   Set larger code cache with -XX:ReservedCodeCacheSize=
# This output file may be truncated or incomplete.
#
#  Out of Memory Error (allocation.cpp:273), pid=5844, tid=0x0000000000001a58
#
# JRE version: Java(TM) SE Runtime Environment (8.0_131-b11) (build 1.8.0_131-b11)
# Java VM: Java HotSpot(TM) 64-Bit Server VM (25.131-b11 mixed mode windows-amd64 compressed oops)
# Failed to write core dump. Minidumps are not enabled by default on client versions of Windows
#

---------------  T H R E A D  ---------------

Current thread (0x0000000014b48800):  JavaThread "C2 CompilerThread0" daemon [_thread_in_native, id=6744, stack(0x0000000016130000,0x0000000016230000)]

Stack: [0x0000000016130000,0x0000000016230000]
[error occurred during error reporting (printing stack bounds), id 0xc0000005]

Native frames: (J=compiled Java code, j=interpreted, Vv=VM code, C=native code)


Current CompileTask:
C2:1512681 4617   !   4       sun.java2d.pipe.DrawImage::renderImageCopy (147 bytes)


---------------  P R O C E S S  ---------------

Java Threads: ( => current thread )
  0x00000000165a8000 JavaThread "Abandoned connection cleanup thread" daemon [_thread_blocked, id=3784, stack(0x0000000017b30000,0x0000000017c30000)]
  0x0000000016c7f000 JavaThread "TimerQueue" daemon [_thread_in_Java, id=768, stack(0x0000000017820000,0x0000000017920000)]
  0x00000000023e0800 JavaThread "DestroyJavaVM" [_thread_blocked, id=7028, stack(0x00000000022a0000,0x00000000023a0000)]
  0x0000000016b80000 JavaThread "AWT-EventQueue-0" [_thread_in_vm, id=6104, stack(0x0000000017c30000,0x0000000017d30000)]
  0x0000000016810800 JavaThread "AWT-Windows" daemon [_thread_in_native, id=5772, stack(0x0000000017620000,0x0000000017720000)]
  0x000000001680f800 JavaThread "AWT-Shutdown" [_thread_blocked, id=4936, stack(0x0000000017520000,0x0000000017620000)]
  0x000000001680d000 JavaThread "Java2D Disposer" daemon [_thread_blocked, id=676, stack(0x0000000017420000,0x0000000017520000)]
  0x00000000164a6800 JavaThread "Service Thread" daemon [_thread_blocked, id=1972, stack(0x0000000016830000,0x0000000016930000)]
  0x0000000014b56800 JavaThread "C1 CompilerThread2" daemon [_thread_blocked, id=6660, stack(0x0000000016330000,0x0000000016430000)]
  0x0000000014b4f800 JavaThread "C2 CompilerThread1" daemon [_thread_blocked, id=1744, stack(0x0000000016230000,0x0000000016330000)]
=>0x0000000014b48800 JavaThread "C2 CompilerThread0" daemon [_thread_in_native, id=6744, stack(0x0000000016130000,0x0000000016230000)]
  0x0000000014b46800 JavaThread "Attach Listener" daemon [_thread_blocked, id=1132, stack(0x0000000016030000,0x0000000016130000)]
  0x0000000014b45800 JavaThread "Signal Dispatcher" daemon [_thread_blocked, id=5264, stack(0x0000000015f30000,0x0000000016030000)]
  0x0000000014aea800 JavaThread "Finalizer" daemon [_thread_blocked, id=6032, stack(0x0000000015d50000,0x0000000015e50000)]
  0x0000000014ac9000 JavaThread "Reference Handler" daemon [_thread_blocked, id=6844, stack(0x0000000015c50000,0x0000000015d50000)]

Other Threads:
  0x0000000014ac7800 VMThread [stack: 0x0000000015b50000,0x0000000015c50000] [id=3600]
  0x00000000164fc800 WatcherThread [stack: 0x0000000016930000,0x0000000016a30000] [id=6788]

VM state:not at safepoint (normal execution)

VM Mutex/Monitor currently owned by a thread: None

Heap:
 PSYoungGen      total 179712K, used 176537K [0x00000000eb100000, 0x00000000f6380000, 0x0000000100000000)
  eden space 177664K, 99% used [0x00000000eb100000,0x00000000f5d46570,0x00000000f5e80000)
  from space 2048K, 6% used [0x00000000f6180000,0x00000000f61a0000,0x00000000f6380000)
  to   space 2560K, 0% used [0x00000000f5e80000,0x00000000f5e80000,0x00000000f6100000)
 ParOldGen       total 84480K, used 52091K [0x00000000c1200000, 0x00000000c6480000, 0x00000000eb100000)
  object space 84480K, 61% used [0x00000000c1200000,0x00000000c44dec98,0x00000000c6480000)
 Metaspace       used 20353K, capacity 20696K, committed 20864K, reserved 1067008K
  class space    used 2549K, capacity 2659K, committed 2688K, reserved 1048576K

Card table byte_map: [0x00000000118a0000,0x0000000011aa0000] byte_map_base: 0x0000000011297000

Marking Bits: (ParMarkBitMap*) 0x0000000069c6c720
 Begin Bits: [0x0000000011ff0000, 0x0000000012fa8000)
 End Bits:   [0x0000000012fa8000, 0x0000000013f60000)

Polling page: 0x00000000008f0000

CodeCache: size=245760Kb used=11846Kb max_used=12042Kb free=233913Kb
 bounds [0x00000000024e0000, 0x00000000030d0000, 0x00000000114e0000]
 total_blobs=4288 nmethods=3691 adapters=507
 compilation: enabled

Compilation events (10 events):
Event: 1511.884 Thread 0x0000000014b56800 nmethod 4615 0x000000000295b0d0 code [0x000000000295b240, 0x000000000295b4b0]
Event: 1512.104 Thread 0x0000000014b56800 4616       3       java.util.HashMap$HashIterator::<init> (79 bytes)
Event: 1512.105 Thread 0x0000000014b56800 nmethod 4616 0x00000000027675d0 code [0x0000000002767740, 0x0000000002767ad0]
Event: 1512.175 Thread 0x0000000014b48800 4617   !   4       sun.java2d.pipe.DrawImage::renderImageCopy (147 bytes)
Event: 1512.175 Thread 0x0000000014b4f800 4618       4       sun.java2d.pipe.DrawImage::blitSurfaceData (145 bytes)
Event: 1512.215 Thread 0x0000000014b56800 4619       3       java.awt.Rectangle::contains (21 bytes)
Event: 1512.215 Thread 0x0000000014b56800 nmethod 4619 0x0000000002c843d0 code [0x0000000002c84540, 0x0000000002c84768]
Event: 1512.215 Thread 0x0000000014b56800 4620       3       java.awt.Rectangle::contains (152 bytes)
Event: 1512.217 Thread 0x0000000014b56800 nmethod 4620 0x0000000002845c10 code [0x0000000002845d80, 0x0000000002846250]
Event: 1512.225 Thread 0x0000000014b4f800 nmethod 4618 0x0000000002f6db10 code [0x0000000002f6dcc0, 0x0000000002f6e830]

GC Heap History (10 events):
Event: 1506.401 GC heap before
{Heap before GC invocations=6088 (full 6):
 PSYoungGen      total 157696K, used 154208K [0x00000000eb100000, 0x00000000f5680000, 0x0000000100000000)
  eden space 154112K, 100% used [0x00000000eb100000,0x00000000f4780000,0x00000000f4780000)
  from space 3584K, 2% used [0x00000000f4780000,0x00000000f4798000,0x00000000f4b00000)
  to   space 3584K, 0% used [0x00000000f5300000,0x00000000f5300000,0x00000000f5680000)
 ParOldGen       total 84480K, used 52091K [0x00000000c1200000, 0x00000000c6480000, 0x00000000eb100000)
  object space 84480K, 61% used [0x00000000c1200000,0x00000000c44dec98,0x00000000c6480000)
 Metaspace       used 20328K, capacity 20600K, committed 20864K, reserved 1067008K
  class space    used 2542K, capacity 2627K, committed 2688K, reserved 1048576K
Event: 1506.404 GC heap after
Heap after GC invocations=6088 (full 6):
 PSYoungGen      total 164864K, used 96K [0x00000000eb100000, 0x00000000f5580000, 0x0000000100000000)
  eden space 162304K, 0% used [0x00000000eb100000,0x00000000eb100000,0x00000000f4f80000)
  from space 2560K, 3% used [0x00000000f5300000,0x00000000f5318000,0x00000000f5580000)
  to   space 3072K, 0% used [0x00000000f4f80000,0x00000000f4f80000,0x00000000f5280000)
 ParOldGen       total 84480K, used 52091K [0x00000000c1200000, 0x00000000c6480000, 0x00000000eb100000)
  object space 84480K, 61% used [0x00000000c1200000,0x00000000c44dec98,0x00000000c6480000)
 Metaspace       used 20328K, capacity 20600K, committed 20864K, reserved 1067008K
  class space    used 2542K, capacity 2627K, committed 2688K, reserved 1048576K
}
Event: 1507.600 GC heap before
{Heap before GC invocations=6089 (full 6):
 PSYoungGen      total 164864K, used 162400K [0x00000000eb100000, 0x00000000f5580000, 0x0000000100000000)
  eden space 162304K, 100% used [0x00000000eb100000,0x00000000f4f80000,0x00000000f4f80000)
  from space 2560K, 3% used [0x00000000f5300000,0x00000000f5318000,0x00000000f5580000)
  to   space 3072K, 0% used [0x00000000f4f80000,0x00000000f4f80000,0x00000000f5280000)
 ParOldGen       total 84480K, used 52091K [0x00000000c1200000, 0x00000000c6480000, 0x00000000eb100000)
  object space 84480K, 61% used [0x00000000c1200000,0x00000000c44dec98,0x00000000c6480000)
 Metaspace       used 20328K, capacity 20600K, committed 20864K, reserved 1067008K
  class space    used 2542K, capacity 2627K, committed 2688K, reserved 1048576K
Event: 1507.603 GC heap after
Heap after GC invocations=6089 (full 6):
 PSYoungGen      total 165376K, used 64K [0x00000000eb100000, 0x00000000f5d80000, 0x0000000100000000)
  eden space 162304K, 0% used [0x00000000eb100000,0x00000000eb100000,0x00000000f4f80000)
  from space 3072K, 2% used [0x00000000f4f80000,0x00000000f4f90000,0x00000000f5280000)
  to   space 3072K, 0% used [0x00000000f5a80000,0x00000000f5a80000,0x00000000f5d80000)
 ParOldGen       total 84480K, used 52091K [0x00000000c1200000, 0x00000000c6480000, 0x00000000eb100000)
  object space 84480K, 61% used [0x00000000c1200000,0x00000000c44dec98,0x00000000c6480000)
 Metaspace       used 20328K, capacity 20600K, committed 20864K, reserved 1067008K
  class space    used 2542K, capacity 2627K, committed 2688K, reserved 1048576K
}
Event: 1508.697 GC heap before
{Heap before GC invocations=6090 (full 6):
 PSYoungGen      total 165376K, used 162368K [0x00000000eb100000, 0x00000000f5d80000, 0x0000000100000000)
  eden space 162304K, 100% used [0x00000000eb100000,0x00000000f4f80000,0x00000000f4f80000)
  from space 3072K, 2% used [0x00000000f4f80000,0x00000000f4f90000,0x00000000f5280000)
  to   space 3072K, 0% used [0x00000000f5a80000,0x00000000f5a80000,0x00000000f5d80000)
 ParOldGen       total 84480K, used 52091K [0x00000000c1200000, 0x00000000c6480000, 0x00000000eb100000)
  object space 84480K, 61% used [0x00000000c1200000,0x00000000c44dec98,0x00000000c6480000)
 Metaspace       used 20349K, capacity 20696K, committed 20864K, reserved 1067008K
  class space    used 2549K, capacity 2659K, committed 2688K, reserved 1048576K
Event: 1508.700 GC heap after
Heap after GC invocations=6090 (full 6):
 PSYoungGen      total 171520K, used 128K [0x00000000eb100000, 0x00000000f5c00000, 0x0000000100000000)
  eden space 169984K, 0% used [0x00000000eb100000,0x00000000eb100000,0x00000000f5700000)
  from space 1536K, 8% used [0x00000000f5a80000,0x00000000f5aa0000,0x00000000f5c00000)
  to   space 2560K, 0% used [0x00000000f5700000,0x00000000f5700000,0x00000000f5980000)
 ParOldGen       total 84480K, used 52091K [0x00000000c1200000, 0x00000000c6480000, 0x00000000eb100000)
  object space 84480K, 61% used [0x00000000c1200000,0x00000000c44dec98,0x00000000c6480000)
 Metaspace       used 20349K, capacity 20696K, committed 20864K, reserved 1067008K
  class space    used 2549K, capacity 2659K, committed 2688K, reserved 1048576K
}
Event: 1509.807 GC heap before
{Heap before GC invocations=6091 (full 6):
 PSYoungGen      total 171520K, used 170112K [0x00000000eb100000, 0x00000000f5c00000, 0x0000000100000000)
  eden space 169984K, 100% used [0x00000000eb100000,0x00000000f5700000,0x00000000f5700000)
  from space 1536K, 8% used [0x00000000f5a80000,0x00000000f5aa0000,0x00000000f5c00000)
  to   space 2560K, 0% used [0x00000000f5700000,0x00000000f5700000,0x00000000f5980000)
 ParOldGen       total 84480K, used 52091K [0x00000000c1200000, 0x00000000c6480000, 0x00000000eb100000)
  object space 84480K, 61% used [0x00000000c1200000,0x00000000c44dec98,0x00000000c6480000)
 Metaspace       used 20349K, capacity 20696K, committed 20864K, reserved 1067008K
  class space    used 2549K, capacity 2659K, committed 2688K, reserved 1048576K
Event: 1509.809 GC heap after
Heap after GC invocations=6091 (full 6):
 PSYoungGen      total 172544K, used 128K [0x00000000eb100000, 0x00000000f6400000, 0x0000000100000000)
  eden space 169984K, 0% used [0x00000000eb100000,0x00000000eb100000,0x00000000f5700000)
  from space 2560K, 5% used [0x00000000f5700000,0x00000000f5720000,0x00000000f5980000)
  to   space 2560K, 0% used [0x00000000f6180000,0x00000000f6180000,0x00000000f6400000)
 ParOldGen       total 84480K, used 52091K [0x00000000c1200000, 0x00000000c6480000, 0x00000000eb100000)
  object space 84480K, 61% used [0x00000000c1200000,0x00000000c44dec98,0x00000000c6480000)
 Metaspace       used 20349K, capacity 20696K, committed 20864K, reserved 1067008K
  class space    used 2549K, capacity 2659K, committed 2688K, reserved 1048576K
}
Event: 1511.019 GC heap before
{Heap before GC invocations=6092 (full 6):
 PSYoungGen      total 172544K, used 170112K [0x00000000eb100000, 0x00000000f6400000, 0x0000000100000000)
  eden space 169984K, 100% used [0x00000000eb100000,0x00000000f5700000,0x00000000f5700000)
  from space 2560K, 5% used [0x00000000f5700000,0x00000000f5720000,0x00000000f5980000)
  to   space 2560K, 0% used [0x00000000f6180000,0x00000000f6180000,0x00000000f6400000)
 ParOldGen       total 84480K, used 52091K [0x00000000c1200000, 0x00000000c6480000, 0x00000000eb100000)
  object space 84480K, 61% used [0x00000000c1200000,0x00000000c44dec98,0x00000000c6480000)
 Metaspace       used 20349K, capacity 20696K, committed 20864K, reserved 1067008K
  class space    used 2549K, capacity 2659K, committed 2688K, reserved 1048576K
Event: 1511.022 GC heap after
Heap after GC invocations=6092 (full 6):
 PSYoungGen      total 179712K, used 128K [0x00000000eb100000, 0x00000000f6380000, 0x0000000100000000)
  eden space 177664K, 0% used [0x00000000eb100000,0x00000000eb100000,0x00000000f5e80000)
  from space 2048K, 6% used [0x00000000f6180000,0x00000000f61a0000,0x00000000f6380000)
  to   space 2560K, 0% used [0x00000000f5e80000,0x00000000f5e80000,0x00000000f6100000)
 ParOldGen       total 84480K, used 52091K [0x00000000c1200000, 0x00000000c6480000, 0x00000000eb100000)
  object space 84480K, 61% used [0x00000000c1200000,0x00000000c44dec98,0x00000000c6480000)
 Metaspace       used 20349K, capacity 20696K, committed 20864K, reserved 1067008K
  class space    used 2549K, capacity 2659K, committed 2688K, reserved 1048576K
}

Deoptimization events (10 events):
Event: 1456.575 Thread 0x0000000016b80000 Uncommon trap: reason=unstable_if action=reinterpret pc=0x0000000002c69418 method=sun.font.TrueTypeFont.checkUseNatives()Z @ 4
Event: 1456.577 Thread 0x0000000016b80000 Uncommon trap: reason=unstable_if action=reinterpret pc=0x00000000027f5818 method=sun.font.TrueTypeFont.getMapper()Lsun/font/CharToGlyphMapper; @ 4
Event: 1458.376 Thread 0x0000000016c7f000 Uncommon trap: reason=unstable_if action=reinterpret pc=0x0000000002ae9730 method=java.util.PriorityQueue.offer(Ljava/lang/Object;)Z @ 33
Event: 1461.597 Thread 0x0000000016b80000 Uncommon trap: reason=class_check action=maybe_recompile pc=0x0000000002e7211c method=java.awt.LightweightDispatcher.eventDispatched(Ljava/awt/AWTEvent;)V @ 70
Event: 1469.468 Thread 0x0000000016b80000 Uncommon trap: reason=class_check action=maybe_recompile pc=0x0000000002e7211c method=java.awt.LightweightDispatcher.eventDispatched(Ljava/awt/AWTEvent;)V @ 70
Event: 1473.152 Thread 0x0000000016b80000 Uncommon trap: reason=null_check action=make_not_entrant pc=0x0000000002a4e01c method=com.mysql.jdbc.StringUtils.findCharset(Ljava/lang/String;)Ljava/nio/charset/Charset; @ 7
Event: 1473.152 Thread 0x0000000016b80000 Uncommon trap: reason=unstable_if action=reinterpret pc=0x0000000002cbc54c method=sun.nio.cs.ThreadLocalCoders$Cache.forName(Ljava/lang/Object;)Ljava/lang/Object; @ 49
Event: 1473.154 Thread 0x0000000016b80000 Uncommon trap: reason=unstable_if action=reinterpret pc=0x0000000002d1c7a4 method=java.util.HashMap$HashIterator.<init>(Ljava/util/HashMap;)V @ 45
Event: 1508.675 Thread 0x0000000016b80000 Uncommon trap: reason=class_check action=maybe_recompile pc=0x0000000002e7211c method=java.awt.LightweightDispatcher.eventDispatched(Ljava/awt/AWTEvent;)V @ 70
Event: 1508.813 Thread 0x0000000016b80000 Uncommon trap: reason=class_check action=maybe_recompile pc=0x0000000002e7211c method=java.awt.LightweightDispatcher.eventDispatched(Ljava/awt/AWTEvent;)V @ 70

Internal exceptions (10 events):
Event: 1430.747 Thread 0x0000000016b80000 Implicit null exception at 0x0000000002c83a3b to 0x0000000002c845d9
Event: 1444.118 Thread 0x0000000016b80000 Implicit null exception at 0x0000000002cd62cb to 0x0000000002cd69c1
Event: 1445.874 Thread 0x0000000016b80000 Implicit null exception at 0x0000000002d30eea to 0x0000000002d31c14
Event: 1447.415 Thread 0x0000000016b80000 Implicit null exception at 0x00000000029873d4 to 0x0000000002987610
Event: 1447.449 Thread 0x0000000016b80000 Implicit null exception at 0x0000000002a036ef to 0x0000000002a03a94
Event: 1447.449 Thread 0x0000000016b80000 Implicit null exception at 0x00000000029cdd57 to 0x00000000029cdf61
Event: 1447.521 Thread 0x0000000016b80000 Implicit null exception at 0x00000000029835dc to 0x0000000002983c68
Event: 1456.575 Thread 0x0000000016b80000 Implicit null exception at 0x0000000002d7388b to 0x0000000002d74e69
Event: 1473.152 Thread 0x0000000016b80000 Implicit null exception at 0x0000000002a4d7a0 to 0x0000000002a4dff2
Event: 1473.152 Thread 0x0000000016b80000 Implicit null exception at 0x0000000002cbc100 to 0x0000000002cbc525

Events (10 events):
Event: 1511.344 Thread 0x0000000014b56800 flushing nmethod 0x0000000002b9c010
Event: 1511.344 Thread 0x0000000014b56800 flushing nmethod 0x0000000002bafbd0
Event: 1511.344 Thread 0x0000000014b56800 flushing nmethod 0x0000000002bc8e50
Event: 1511.346 Thread 0x0000000014b56800 flushing nmethod 0x0000000002c843d0
Event: 1511.369 Thread 0x0000000014b56800 flushing nmethod 0x0000000002de4e10
Event: 1511.369 Thread 0x0000000014b56800 flushing nmethod 0x0000000002e19290
Event: 1511.369 Thread 0x0000000014b56800 flushing nmethod 0x0000000002e5e6d0
Event: 1511.370 Thread 0x0000000014b56800 flushing nmethod 0x0000000002e5eb90
Event: 1511.408 Thread 0x0000000014b56800 flushing nmethod 0x0000000002f676d0
Event: 1511.408 Thread 0x0000000014b56800 flushing nmethod 0x0000000002f6d750


Dynamic libraries:
0x00007ff6330a0000 - 0x00007ff6330d7000 	C:\Program Files\Java\jre1.8.0_131\bin\javaw.exe
0x00007ffcaeaf0000 - 0x00007ffcaec9d000 	C:\Windows\SYSTEM32\ntdll.dll
0x00007ffcac180000 - 0x00007ffcac2be000 	C:\Windows\system32\KERNEL32.DLL
0x00007ffcabe80000 - 0x00007ffcabf95000 	C:\Windows\system32\KERNELBASE.dll
0x00007ffcaa7f0000 - 0x00007ffcaa87e000 	C:\Windows\system32\apphelp.dll
0x00007ffca1350000 - 0x00007ffca13a3000 	C:\Windows\AppPatch\AppPatch64\AcGenral.DLL
0x00007ffcaea20000 - 0x00007ffcaeaca000 	C:\Windows\system32\msvcrt.dll
0x00007ffcabdf0000 - 0x00007ffcabe1e000 	C:\Windows\system32\SspiCli.dll
0x00007ffcac780000 - 0x00007ffcac7d4000 	C:\Windows\system32\SHLWAPI.dll
0x00007ffcac600000 - 0x00007ffcac777000 	C:\Windows\system32\USER32.dll
0x00007ffcae620000 - 0x00007ffcae7b4000 	C:\Windows\system32\ole32.dll
0x00007ffcad0f0000 - 0x00007ffcae61c000 	C:\Windows\system32\SHELL32.dll
0x00007ffcab1e0000 - 0x00007ffcab201000 	C:\Windows\SYSTEM32\USERENV.dll
0x00007ffcacf80000 - 0x00007ffcad02a000 	C:\Windows\system32\ADVAPI32.dll
0x00007ffca3460000 - 0x00007ffca347e000 	C:\Windows\SYSTEM32\MPR.dll
0x00007ffcac480000 - 0x00007ffcac5c0000 	C:\Windows\system32\RPCRT4.dll
0x00007ffcaccf0000 - 0x00007ffcacd49000 	C:\Windows\SYSTEM32\sechost.dll
0x00007ffcacd60000 - 0x00007ffcacf72000 	C:\Windows\SYSTEM32\combase.dll
0x00007ffcac7f0000 - 0x00007ffcac93b000 	C:\Windows\system32\GDI32.dll
0x00007ffcabc20000 - 0x00007ffcabc35000 	C:\Windows\SYSTEM32\profapi.dll
0x00007ffcaa260000 - 0x00007ffcaa312000 	C:\Windows\SYSTEM32\SHCORE.dll
0x00007ffcac5c0000 - 0x00007ffcac5f6000 	C:\Windows\system32\IMM32.DLL
0x00007ffcac320000 - 0x00007ffcac471000 	C:\Windows\system32\MSCTF.dll
0x00007ffca8c30000 - 0x00007ffca8eab000 	C:\Windows\WinSxS\amd64_microsoft.windows.common-controls_6595b64144ccf1df_6.0.9600.18006_none_623f33d3ecbe86e8\COMCTL32.dll
0x000000006a6f0000 - 0x000000006a7c2000 	C:\Program Files\Java\jre1.8.0_131\bin\msvcr100.dll
0x0000000069450000 - 0x0000000069cec000 	C:\Program Files\Java\jre1.8.0_131\bin\server\jvm.dll
0x00007ffca9780000 - 0x00007ffca9789000 	C:\Windows\SYSTEM32\WSOCK32.dll
0x00007ffc9e030000 - 0x00007ffc9e052000 	C:\Windows\SYSTEM32\WINMM.dll
0x00007ffca3c80000 - 0x00007ffca3c8a000 	C:\Windows\SYSTEM32\VERSION.dll
0x00007ffcaccd0000 - 0x00007ffcaccd7000 	C:\Windows\system32\PSAPI.DLL
0x00007ffcac2c0000 - 0x00007ffcac31a000 	C:\Windows\system32\WS2_32.dll
0x00007ffc9e000000 - 0x00007ffc9e02a000 	C:\Windows\SYSTEM32\WINMMBASE.dll
0x00007ffcacd50000 - 0x00007ffcacd59000 	C:\Windows\system32\NSI.dll
0x00007ffcabcf0000 - 0x00007ffcabd3f000 	C:\Windows\SYSTEM32\cfgmgr32.dll
0x00007ffcaaa60000 - 0x00007ffcaaa88000 	C:\Windows\SYSTEM32\DEVOBJ.dll
0x000000006a6e0000 - 0x000000006a6ef000 	C:\Program Files\Java\jre1.8.0_131\bin\verify.dll
0x000000006a6b0000 - 0x000000006a6d9000 	C:\Program Files\Java\jre1.8.0_131\bin\java.dll
0x000000006a690000 - 0x000000006a6a6000 	C:\Program Files\Java\jre1.8.0_131\bin\zip.dll
0x00000000692b0000 - 0x0000000069448000 	C:\Program Files\Java\jre1.8.0_131\bin\awt.dll
0x00007ffcae7c0000 - 0x00007ffcae886000 	C:\Windows\system32\OLEAUT32.dll
0x00007ffca9730000 - 0x00007ffca9751000 	C:\Windows\system32\DWMAPI.DLL
0x00007ffcaa8b0000 - 0x00007ffcaa9d9000 	C:\Windows\system32\uxtheme.dll
0x00007ffc99140000 - 0x00007ffc9926b000 	C:\Windows\system32\opengl32.dll
0x00007ffc99110000 - 0x00007ffc9913e000 	C:\Windows\SYSTEM32\GLU32.dll
0x00007ffc99010000 - 0x00007ffc99108000 	C:\Windows\SYSTEM32\DDRAW.dll
0x00007ffca5b70000 - 0x00007ffca5b79000 	C:\Windows\SYSTEM32\DCIMAN32.dll
0x00007ffcaa7e0000 - 0x00007ffcaa7eb000 	C:\Windows\SYSTEM32\kernel.appcore.dll
0x00007ffcabb60000 - 0x00007ffcabb6b000 	C:\Windows\SYSTEM32\CRYPTBASE.dll
0x00007ffcabaf0000 - 0x00007ffcabb53000 	C:\Windows\SYSTEM32\bcryptPrimitives.dll
0x0000000069030000 - 0x0000000069061000 	C:\Program Files\Java\jre1.8.0_131\bin\jpeg.dll
0x0000000068fe0000 - 0x0000000069027000 	C:\Program Files\Java\jre1.8.0_131\bin\fontmanager.dll
0x00007ffcae890000 - 0x00007ffcae946000 	C:\Windows\SYSTEM32\clbcatq.dll
0x00007ffca8ee0000 - 0x00007ffca908e000 	C:\Windows\SYSTEM32\WindowsCodecs.dll
0x00007ffcab4b0000 - 0x00007ffcab4d0000 	C:\Windows\SYSTEM32\CRYPTSP.dll
0x00007ffcab0d0000 - 0x00007ffcab106000 	C:\Windows\system32\rsaenh.dll
0x00007ffcab760000 - 0x00007ffcab786000 	C:\Windows\SYSTEM32\bcrypt.dll
0x0000000068fc0000 - 0x0000000068fda000 	C:\Program Files\Java\jre1.8.0_131\bin\net.dll
0x00007ffcab450000 - 0x00007ffcab4a9000 	C:\Windows\system32\mswsock.dll
0x00007ffca6fc0000 - 0x00007ffca6fea000 	C:\Windows\SYSTEM32\IPHLPAPI.DLL
0x00007ffca6f90000 - 0x00007ffca6f9a000 	C:\Windows\SYSTEM32\WINNSI.DLL
0x00007ffca6b50000 - 0x00007ffca6b66000 	C:\Windows\SYSTEM32\dhcpcsvc6.DLL
0x00007ffca6c60000 - 0x00007ffca6c7a000 	C:\Windows\SYSTEM32\dhcpcsvc.DLL
0x0000000068fa0000 - 0x0000000068fb1000 	C:\Program Files\Java\jre1.8.0_131\bin\nio.dll
0x0000000068f50000 - 0x0000000068f92000 	C:\Program Files\Java\jre1.8.0_131\bin\t2k.dll
0x00007ffcab250000 - 0x00007ffcab2f4000 	C:\Windows\SYSTEM32\DNSAPI.dll
0x00007ffca3450000 - 0x00007ffca345a000 	C:\Windows\System32\rasadhlp.dll
0x00007ffca6b80000 - 0x00007ffca6beb000 	C:\Windows\System32\fwpuclnt.dll

VM Arguments:
java_command: C:\Users\Aly weza\Documents\NetBeansProjects\Gym\dist\Gym.jar
java_class_path (initial): C:\Users\Aly weza\Documents\NetBeansProjects\Gym\dist\Gym.jar
Launcher Type: SUN_STANDARD

Environment Variables:
PATH=C:\Program Files (x86)\Oracle\JInitiator 1.3.1.22\bin;C:\ProgramData\Oracle\Java\javapath;E:\DevSuiteHome_1\jdk\jre\bin\classic;E:\DevSuiteHome_1\jdk\jre\bin;E:\DevSuiteHome_1\jdk\jre\bin\client;E:\DevSuiteHome_1\jlib;E:\DevSuiteHome_1\bin;E:\DevSuiteHome_1\jre\1.4.2\bin\client;E:\DevSuiteHome_1\jre\1.4.2\bin;E:\oracle\product\10.2.0\db_1\bin;C:\Windows\system32;C:\Windows;C:\Windows\System32\Wbem;C:\Windows\System32\WindowsPowerShell\v1.0\
USERNAME=Aly weza
OS=Windows_NT
PROCESSOR_IDENTIFIER=Intel64 Family 6 Model 69 Stepping 1, GenuineIntel



---------------  S Y S T E M  ---------------

OS: Windows 8.1 , 64 bit Build 9600 (6.3.9600.17415)

CPU:total 4 (initial active 4) (2 cores per cpu, 2 threads per core) family 6 model 69 stepping 1, cmov, cx8, fxsr, mmx, sse, sse2, sse3, ssse3, sse4.1, sse4.2, popcnt, avx, avx2, aes, clmul, erms, lzcnt, ht, tsc, tscinvbit, bmi1, bmi2

Memory: 4k page, physical 4117744k(871268k free), swap 6165744k(4804k free)

vm_info: Java HotSpot(TM) 64-Bit Server VM (25.131-b11) for windows-amd64 JRE (1.8.0_131-b11), built on Mar 15 2017 01:23:53 by "java_re" with MS VC++ 10.0 (VS2010)

time: Thu Apr 05 18:50:48 2018
elapsed time: 1512 seconds (0d 0h 25m 12s)

